TN:
SF:/home/runner/work/contracts/contracts/contracts/airdrop/GenesisKeyDistributor.sol
FN:19,constructor
FN:29,isClaimed
FN:37,_setClaimed
FN:43,claim
FNF:4
FNH:4
FNDA:57,constructor
FNDA:38,isClaimed
FNDA:38,_setClaimed
FNDA:40,claim
DA:24,57
DA:25,57
DA:26,57
DA:30,38
DA:31,38
DA:32,38
DA:33,38
DA:34,38
DA:38,38
DA:39,38
DA:40,38
DA:49,40
DA:50,39
DA:51,38
DA:54,38
DA:55,38
DA:58,38
DA:59,38
DA:61,38
LF:19
LH:19
BRDA:49,1,0,39
BRDA:49,1,1,1
BRDA:50,2,0,38
BRDA:50,2,1,1
BRDA:51,3,0,38
BRDA:51,3,1,0
BRDA:55,4,0,38
BRDA:55,4,1,0
BRF:8
BRH:6
end_of_record
TN:
SF:/home/runner/work/contracts/contracts/contracts/airdrop/GenesisKeyTeamDistributor.sol
FN:23,constructor
FN:28,transferOwnership
FN:33,changeMerkleRoot
FN:38,claim
FNF:4
FNH:1
FNDA:120,constructor
FNDA:0,transferOwnership
FNDA:0,changeMerkleRoot
FNDA:0,claim
DA:24,120
DA:25,120
DA:29,0
DA:30,0
DA:34,0
DA:35,0
DA:44,0
DA:45,0
DA:48,0
DA:49,0
DA:52,0
DA:53,0
DA:55,0
LF:13
LH:2
BRDA:29,1,0,0
BRDA:29,1,1,0
BRDA:34,2,0,0
BRDA:34,2,1,0
BRDA:44,3,0,0
BRDA:44,3,1,0
BRDA:45,4,0,0
BRDA:45,4,1,0
BRDA:49,5,0,0
BRDA:49,5,1,0
BRDA:53,6,0,0
BRDA:53,6,1,0
BRF:12
BRH:0
end_of_record
TN:
SF:/home/runner/work/contracts/contracts/contracts/airdrop/MerkleDistributor.sol
FN:17,constructor
FN:22,isClaimed
FN:30,_setClaimed
FN:36,claim
FNF:4
FNH:0
FNDA:0,constructor
FNDA:0,isClaimed
FNDA:0,_setClaimed
FNDA:0,claim
DA:18,0
DA:19,0
DA:23,0
DA:24,0
DA:25,0
DA:26,0
DA:27,0
DA:31,0
DA:32,0
DA:33,0
DA:42,0
DA:45,0
DA:46,0
DA:49,0
DA:50,0
DA:52,0
LF:16
LH:0
BRDA:42,1,0,0
BRDA:42,1,1,0
BRDA:46,2,0,0
BRDA:46,2,1,0
BRDA:50,3,0,0
BRDA:50,3,1,0
BRF:6
BRH:0
end_of_record
TN:
SF:/home/runner/work/contracts/contracts/contracts/archive/GenesisKeyOld.sol
FN:66,onlyOwner
FN:78,initialize
FN:92,_authorizeUpgrade
FN:95,setOwner
FN:99,currentXP
FN:116,toggleLockup
FN:128,toggleLockup
FN:135,transferFrom
FN:145,safeTransferFrom
FN:158,safeTransferFrom
FN:172,setMultiSig
FN:176,toggleLockupBoolean
FN:180,setGenesisKeyMerkle
FN:184,setPublicSaleDuration
FN:188,setWhitelist
FN:192,setSigner
FN:199,initializePublicSale
FN:207,_startTokenId
FN:215,claimKey
FN:239,randomTeamGrant
FN:253,setGkTeamClaim
FN:260,claimGrantKey
FN:277,safeTransferETH
FN:283,transferETH
FN:287,isContract
FN:301,publicExecuteBid
FN:326,mintLeftOver
FN:342,publicBuyKey
FN:365,getCurrentPrice
FNF:29
FNH:27
FNDA:438,onlyOwner
FNDA:87,initialize
FNDA:1,_authorizeUpgrade
FNDA:2,setOwner
FNDA:4,currentXP
FNDA:5,toggleLockup
FNDA:5,toggleLockup
FNDA:4,transferFrom
FNDA:0,safeTransferFrom
FNDA:0,safeTransferFrom
FNDA:2,setMultiSig
FNDA:3,toggleLockupBoolean
FNDA:19,setGenesisKeyMerkle
FNDA:1,setPublicSaleDuration
FNDA:93,setWhitelist
FNDA:29,setSigner
FNDA:1,initializePublicSale
FNDA:622,_startTokenId
FNDA:38,claimKey
FNDA:89,randomTeamGrant
FNDA:29,setGkTeamClaim
FNDA:251,claimGrantKey
FNDA:123,safeTransferETH
FNDA:2,transferETH
FNDA:82,isContract
FNDA:52,publicExecuteBid
FNDA:5,mintLeftOver
FNDA:30,publicBuyKey
FNDA:82,getCurrentPrice
DA:67,438
DA:68,438
DA:79,87
DA:80,87
DA:81,87
DA:83,87
DA:84,87
DA:85,87
DA:86,87
DA:87,87
DA:88,87
DA:89,87
DA:96,2
DA:108,4
DA:109,4
DA:110,1
DA:111,1
DA:113,4
DA:117,5
DA:118,3
DA:119,3
DA:120,2
DA:121,1
DA:123,1
DA:124,1
DA:129,5
DA:130,5
DA:131,5
DA:140,4
DA:142,3
DA:150,0
DA:152,0
DA:164,0
DA:166,0
DA:167,0
DA:168,0
DA:173,2
DA:177,3
DA:181,19
DA:185,1
DA:189,93
DA:193,29
DA:200,1
DA:201,1
DA:202,1
DA:203,1
DA:204,1
DA:208,622
DA:217,38
DA:218,38
DA:219,38
DA:220,38
DA:224,38
DA:225,38
DA:227,38
DA:228,0
DA:231,38
DA:233,38
DA:235,38
DA:240,89
DA:245,0
DA:247,0
DA:248,0
DA:249,0
DA:254,29
DA:261,251
DA:262,251
DA:263,251
DA:265,251
DA:266,251
DA:268,251
DA:269,503
DA:278,123
DA:279,123
DA:284,2
DA:292,82
DA:293,82
DA:296,82
DA:303,52
DA:304,52
DA:305,52
DA:306,52
DA:307,52
DA:308,52
DA:309,52
DA:313,51
DA:314,4
DA:317,51
DA:318,51
DA:319,51
DA:321,51
DA:322,4722
DA:327,5
DA:328,5
DA:329,4
DA:331,1
DA:333,1
DA:335,1
DA:337,1
DA:338,5028
DA:344,30
DA:345,30
DA:346,30
DA:347,30
DA:349,29
DA:350,29
DA:353,28
DA:356,28
DA:357,0
DA:360,28
DA:361,28
DA:366,82
DA:367,82
DA:369,82
DA:371,82
DA:372,0
DA:374,82
DA:375,82
DA:376,82
DA:378,82
LF:120
LH:107
BRDA:67,1,0,438
BRDA:67,1,1,0
BRDA:109,2,0,1
BRDA:109,2,1,3
BRDA:117,3,0,3
BRDA:117,3,1,2
BRDA:119,4,0,2
BRDA:119,4,1,1
BRDA:120,5,0,1
BRDA:120,5,1,1
BRDA:140,6,0,1
BRDA:140,6,1,3
BRDA:150,7,0,0
BRDA:150,7,1,0
BRDA:164,8,0,0
BRDA:164,8,1,0
BRDA:167,9,0,0
BRDA:167,9,1,0
BRDA:200,10,0,1
BRDA:200,10,1,0
BRDA:217,11,0,38
BRDA:217,11,1,0
BRDA:218,12,0,38
BRDA:218,12,1,0
BRDA:219,13,0,38
BRDA:219,13,1,0
BRDA:220,14,0,0
BRDA:220,14,1,38
BRDA:227,15,0,0
BRDA:227,15,1,38
BRDA:240,16,0,0
BRDA:240,16,1,89
BRDA:261,17,0,251
BRDA:261,17,1,0
BRDA:262,18,0,251
BRDA:262,18,1,0
BRDA:263,19,0,0
BRDA:263,19,1,251
BRDA:279,20,0,123
BRDA:279,20,1,0
BRDA:303,21,0,52
BRDA:303,21,1,0
BRDA:304,22,0,52
BRDA:304,22,1,0
BRDA:305,23,0,52
BRDA:305,23,1,0
BRDA:306,24,0,0
BRDA:306,24,1,52
BRDA:309,25,0,51
BRDA:309,25,1,1
BRDA:313,26,0,4
BRDA:313,26,1,47
BRDA:327,27,0,5
BRDA:327,27,1,0
BRDA:328,28,0,4
BRDA:328,28,1,1
BRDA:329,29,0,1
BRDA:329,29,1,3
BRDA:344,30,0,30
BRDA:344,30,1,0
BRDA:345,31,0,30
BRDA:345,31,1,0
BRDA:346,32,0,0
BRDA:346,32,1,30
BRDA:347,33,0,1
BRDA:347,33,1,29
BRDA:350,34,0,28
BRDA:350,34,1,1
BRDA:356,35,0,0
BRDA:356,35,1,28
BRDA:366,36,0,82
BRDA:366,36,1,0
BRDA:371,37,0,0
BRDA:371,37,1,82
BRF:74
BRH:45
end_of_record
TN:
SF:/home/runner/work/contracts/contracts/contracts/domain/library/Resolver.sol
FN:5,_parseAddr
FNF:1
FNH:1
FNDA:397,_parseAddr
DA:6,397
DA:7,397
DA:8,397
DA:9,397
DA:10,397
DA:11,7925
DA:12,7925
DA:13,7924
DA:14,7924
DA:15,1630
DA:17,2082
DA:19,4209
DA:21,7924
DA:22,1465
DA:24,1685
DA:26,4773
DA:28,7924
DA:30,7924
DA:31,7924
DA:32,7924
DA:35,396
LF:21
LH:21
BRDA:14,1,0,1630
BRDA:14,1,1,6294
BRDA:16,2,0,2082
BRDA:16,2,1,4212
BRDA:18,3,0,4209
BRDA:18,3,1,3
BRDA:21,4,0,1465
BRDA:21,4,1,6459
BRDA:23,5,0,1685
BRDA:23,5,1,4774
BRDA:25,6,0,4773
BRDA:25,6,1,1
BRF:12
BRH:12
end_of_record
TN:
SF:/home/runner/work/contracts/contracts/contracts/domain/NftProfile.sol
FN:30,_onlyOwner
FN:34,onlyOwner
FN:43,initialize
FN:52,_authorizeUpgrade
FN:59,setTokenURI
FN:74,tradeMarkTransfer
FN:81,profileOwner
FN:90,tokenUsed
FN:99,getTokenId
FN:108,getExpiryTimeline
FN:116,setProfileAuction
FN:120,setOwner
FN:124,setProtocolFee
FN:136,createProfile
FN:155,extendLicense
FN:172,purchaseExpiredProfile
FN:195,tokenURI
FNF:17
FNH:12
FNDA:37,_onlyOwner
FNDA:37,onlyOwner
FNDA:108,initialize
FNDA:0,_authorizeUpgrade
FNDA:29,setTokenURI
FNDA:1,tradeMarkTransfer
FNDA:88,profileOwner
FNDA:33,tokenUsed
FNDA:82,getTokenId
FNDA:0,getExpiryTimeline
FNDA:36,setProfileAuction
FNDA:0,setOwner
FNDA:0,setProtocolFee
FNDA:29,createProfile
FNDA:1,extendLicense
FNDA:1,purchaseExpiredProfile
FNDA:0,tokenURI
DA:31,37
DA:35,37
DA:36,37
DA:44,108
DA:45,108
DA:46,108
DA:47,108
DA:49,108
DA:60,29
DA:61,29
DA:63,29
DA:66,29
DA:75,1
DA:76,1
DA:78,1
DA:82,88
DA:91,33
DA:100,82
DA:109,0
DA:117,36
DA:121,0
DA:125,0
DA:126,0
DA:127,0
DA:141,29
DA:142,29
DA:143,29
DA:144,29
DA:145,29
DA:146,29
DA:160,1
DA:161,1
DA:162,1
DA:164,1
DA:165,0
DA:167,1
DA:169,1
DA:177,1
DA:178,1
DA:179,1
DA:180,1
DA:181,1
DA:183,1
DA:185,1
DA:187,1
DA:196,0
DA:197,0
LF:47
LH:39
BRDA:31,1,0,37
BRDA:31,1,1,0
BRDA:60,2,0,29
BRDA:60,2,1,0
BRDA:61,3,0,29
BRDA:61,3,1,0
BRDA:75,4,0,1
BRDA:75,4,1,0
BRDA:125,5,0,0
BRDA:125,5,1,0
BRDA:141,6,0,29
BRDA:141,6,1,0
BRDA:160,7,0,1
BRDA:160,7,1,0
BRDA:161,8,0,1
BRDA:161,8,1,0
BRDA:162,9,0,1
BRDA:162,9,1,0
BRDA:164,10,0,0
BRDA:164,10,1,1
BRDA:177,11,0,1
BRDA:177,11,1,0
BRDA:178,12,0,1
BRDA:178,12,1,0
BRDA:179,13,0,1
BRDA:179,13,1,0
BRDA:181,14,0,1
BRDA:181,14,1,0
BRDA:196,15,0,0
BRDA:196,15,1,0
BRF:30
BRH:13
end_of_record
TN:
SF:/home/runner/work/contracts/contracts/contracts/domain/NftProfileHelper.sol
FN:10,constructor
FN:50,bytesStringLength
FN:54,correctLength
FN:58,changeAllowedChar
FN:68,_validURI
FNF:5
FNH:5
FNDA:114,constructor
FNDA:102,bytesStringLength
FNDA:49,correctLength
FNDA:4,changeAllowedChar
FNDA:49,_validURI
DA:11,114
DA:12,114
DA:13,114
DA:14,114
DA:15,114
DA:16,114
DA:17,114
DA:18,114
DA:19,114
DA:20,114
DA:21,114
DA:22,114
DA:23,114
DA:24,114
DA:25,114
DA:26,114
DA:27,114
DA:28,114
DA:29,114
DA:30,114
DA:31,114
DA:32,114
DA:33,114
DA:34,114
DA:35,114
DA:36,114
DA:37,114
DA:38,114
DA:39,114
DA:40,114
DA:41,114
DA:42,114
DA:43,114
DA:44,114
DA:45,114
DA:46,114
DA:47,114
DA:51,102
DA:55,49
DA:59,4
DA:60,3
DA:69,49
DA:70,49
DA:71,49
DA:72,415
DA:74,40
LF:46
LH:46
BRDA:59,1,0,3
BRDA:59,1,1,1
BRDA:69,2,0,49
BRDA:69,2,1,0
BRDA:72,3,0,9
BRDA:72,3,1,406
BRF:6
BRH:5
end_of_record
TN:
SF:/home/runner/work/contracts/contracts/contracts/domain/NftResolver.sol
FN:33,_onlyOwner
FN:37,_onlyProfileOwner
FN:41,onlyOwner
FN:46,initialize
FN:54,_authorizeUpgrade
FN:57,validateAddress
FN:62,setAssociatedContract
FN:71,clearAssociatedContract
FN:79,_sameHash
FN:83,_evmBased
FN:89,addAssociatedAddresses
FN:120,associateSelfWithUsers
FN:149,removeAssociatedAddress
FN:194,clearAssociatedAddresses
FN:204,evmBased
FN:208,parseAddr
FN:212,validAddressSize
FN:242,associatedAddresses
FN:266,associatedContract
FN:272,setRegex
FN:277,setOwner
FNF:21
FNH:20
FNDA:111,_onlyOwner
FNDA:19,_onlyProfileOwner
FNDA:111,onlyOwner
FNDA:54,initialize
FNDA:0,_authorizeUpgrade
FNDA:32,validateAddress
FNDA:2,setAssociatedContract
FNDA:3,clearAssociatedContract
FNDA:7,_sameHash
FNDA:504,_evmBased
FNDA:7,addAssociatedAddresses
FNDA:5,associateSelfWithUsers
FNDA:5,removeAssociatedAddress
FNDA:2,clearAssociatedAddresses
FNDA:6,evmBased
FNDA:2,parseAddr
FNDA:55,validAddressSize
FNDA:55,associatedAddresses
FNDA:7,associatedContract
FNDA:108,setRegex
FNDA:3,setOwner
DA:34,111
DA:38,19
DA:42,111
DA:43,111
DA:47,54
DA:48,54
DA:50,54
DA:51,54
DA:58,32
DA:59,32
DA:63,2
DA:64,1
DA:66,1
DA:68,1
DA:72,3
DA:73,1
DA:75,1
DA:76,1
DA:80,7
DA:84,504
DA:85,105
DA:90,7
DA:91,7
DA:92,7
DA:93,7
DA:95,7
DA:96,15
DA:98,15
DA:99,0
DA:101,15
DA:102,13
DA:103,13
DA:104,10
DA:106,2
DA:111,12
DA:113,12
DA:114,12
DA:121,5
DA:123,5
DA:124,5
DA:125,5
DA:126,5
DA:129,5
DA:130,5
DA:131,0
DA:136,5
DA:138,5
DA:142,5
DA:143,5
DA:153,5
DA:154,4
DA:155,4
DA:156,4
DA:158,4
DA:159,16
DA:162,15
DA:163,8
DA:164,8
DA:165,8
DA:166,1
DA:167,1
DA:168,1
DA:170,1
DA:176,1
DA:177,1
DA:179,1
DA:181,1
DA:184,13
DA:185,13
DA:189,1
DA:195,2
DA:196,2
DA:197,2
DA:199,2
DA:200,2
DA:205,6
DA:209,2
DA:217,55
DA:219,55
DA:220,229
DA:222,183
DA:223,158
DA:224,158
DA:228,46
DA:229,46
DA:233,229
DA:234,229
DA:238,55
DA:243,55
DA:244,55
DA:245,55
DA:246,55
DA:248,55
DA:249,229
DA:251,183
DA:252,158
DA:255,46
DA:258,229
DA:259,229
DA:263,55
DA:267,7
DA:268,6
DA:269,6
DA:273,108
DA:274,108
DA:278,3
LF:106
LH:104
BRDA:34,1,0,0
BRDA:34,1,1,111
BRDA:38,2,0,3
BRDA:38,2,1,15
BRDA:58,3,0,0
BRDA:58,3,1,32
BRDA:59,4,0,1
BRDA:59,4,1,31
BRDA:84,5,0,399
BRDA:84,5,1,105
BRDA:98,6,0,0
BRDA:98,6,1,15
BRDA:101,7,0,13
BRDA:101,7,1,2
BRDA:103,8,0,3
BRDA:103,8,1,10
BRDA:129,9,0,0
BRDA:129,9,1,5
BRDA:130,10,0,0
BRDA:130,10,1,5
BRDA:162,11,0,8
BRDA:162,11,1,7
BRDA:165,12,0,1
BRDA:165,12,1,7
BRDA:172,13,0,1
BRDA:172,13,1,6
BRDA:220,14,0,183
BRDA:220,14,1,46
BRDA:222,15,0,158
BRDA:222,15,1,25
BRDA:249,16,0,183
BRDA:249,16,1,46
BRDA:251,17,0,158
BRDA:251,17,1,25
BRF:34
BRH:29
end_of_record
TN:
SF:/home/runner/work/contracts/contracts/contracts/domain/ProfileAuction.sol
FN:74,validAndUnusedURI
FN:80,onlyGovernor
FN:85,onlyOwner
FN:95,initialize
FN:117,_authorizeUpgrade
FN:124,transferTokens
FN:131,permitNFT
FN:141,validURI
FN:146,setOwner
FN:150,setGovernor
FN:154,setSigner
FN:158,setUsdc
FN:162,setContract1
FN:166,setContract2
FN:170,verifySignature
FN:174,setLengthPremium
FN:179,setYearlyFee
FN:184,setYearsToOwn
FN:189,setGenKeyWhitelistOnly
FN:193,setPublicMint
FN:197,hashTransaction
FN:218,genesisKeyClaimProfile
FN:253,publicMint
FN:278,getFee
FN:297,extendLicense
FN:317,purchaseExpiredProfile
FN:335,ownProfile
FN:354,redeemProfile
FNF:28
FNH:20
FNDA:33,validAndUnusedURI
FNDA:2,onlyGovernor
FNDA:163,onlyOwner
FNDA:108,initialize
FNDA:19,_authorizeUpgrade
FNDA:5,transferTokens
FNDA:0,permitNFT
FNDA:33,validURI
FNDA:0,setOwner
FNDA:0,setGovernor
FNDA:36,setSigner
FNDA:36,setUsdc
FNDA:36,setContract1
FNDA:36,setContract2
FNDA:30,verifySignature
FNDA:0,setLengthPremium
FNDA:0,setYearlyFee
FNDA:0,setYearsToOwn
FNDA:1,setGenKeyWhitelistOnly
FNDA:1,setPublicMint
FNDA:30,hashTransaction
FNDA:28,genesisKeyClaimProfile
FNDA:3,publicMint
FNDA:10,getFee
FNDA:1,extendLicense
FNDA:2,purchaseExpiredProfile
FNDA:0,ownProfile
FNDA:0,redeemProfile
DA:75,33
DA:76,33
DA:77,31
DA:81,2
DA:82,2
DA:86,163
DA:87,163
DA:96,108
DA:97,108
DA:99,108
DA:100,108
DA:102,108
DA:103,108
DA:104,108
DA:105,108
DA:107,108
DA:108,108
DA:109,108
DA:110,108
DA:111,108
DA:112,108
DA:114,108
DA:125,5
DA:138,0
DA:142,33
DA:147,0
DA:151,0
DA:155,36
DA:159,36
DA:163,36
DA:167,36
DA:171,30
DA:175,0
DA:176,0
DA:180,0
DA:181,0
DA:185,0
DA:186,0
DA:190,1
DA:194,1
DA:198,30
DA:202,30
DA:220,28
DA:221,27
DA:222,27
DA:223,27
DA:224,27
DA:227,26
DA:230,26
DA:236,26
DA:255,3
DA:256,3
DA:257,3
DA:261,3
DA:262,0
DA:265,3
DA:267,3
DA:269,3
DA:279,10
DA:280,10
DA:283,10
DA:298,1
DA:300,1
DA:301,0
DA:304,1
DA:306,1
DA:308,1
DA:319,2
DA:320,1
DA:324,1
DA:325,0
DA:328,1
DA:330,1
DA:332,1
DA:337,0
DA:338,0
DA:340,0
DA:343,0
DA:346,0
DA:351,0
DA:356,0
DA:357,0
DA:358,0
DA:361,0
DA:364,0
DA:366,0
LF:86
LH:62
BRDA:75,1,0,33
BRDA:75,1,1,0
BRDA:76,2,0,31
BRDA:76,2,1,2
BRDA:81,3,0,2
BRDA:81,3,1,0
BRDA:86,4,0,163
BRDA:86,4,1,0
BRDA:220,5,0,27
BRDA:220,5,1,1
BRDA:221,6,0,27
BRDA:221,6,1,0
BRDA:222,7,0,27
BRDA:222,7,1,0
BRDA:224,8,0,26
BRDA:224,8,1,1
BRDA:255,9,0,3
BRDA:255,9,1,0
BRDA:256,10,0,3
BRDA:256,10,1,0
BRDA:257,11,0,3
BRDA:257,11,1,0
BRDA:261,12,0,0
BRDA:261,12,1,3
BRDA:265,13,0,3
BRDA:265,13,1,0
BRDA:298,14,0,1
BRDA:298,14,1,0
BRDA:300,15,0,0
BRDA:300,15,1,1
BRDA:304,16,0,1
BRDA:304,16,1,0
BRDA:319,17,0,1
BRDA:319,17,1,1
BRDA:320,18,0,1
BRDA:320,18,1,0
BRDA:324,19,0,0
BRDA:324,19,1,1
BRDA:328,20,0,1
BRDA:328,20,1,0
BRDA:337,21,0,0
BRDA:337,21,1,0
BRDA:340,22,0,0
BRDA:340,22,1,0
BRDA:346,23,0,0
BRDA:346,23,1,0
BRDA:356,24,0,0
BRDA:356,24,1,0
BRDA:357,25,0,0
BRDA:357,25,1,0
BRDA:358,26,0,0
BRDA:358,26,1,0
BRDA:364,27,0,0
BRDA:364,27,1,0
BRF:54
BRH:24
end_of_record
TN:
SF:/home/runner/work/contracts/contracts/contracts/domain/regex/EthereumRegex.sol
FN:12,s0
FN:17,s1
FN:27,s2
FN:37,s3
FN:47,s4
FN:57,s5
FN:67,s6
FN:77,s7
FN:87,s8
FN:97,s9
FN:107,s10
FN:117,s11
FN:127,s12
FN:137,s13
FN:147,s14
FN:157,s15
FN:167,s16
FN:177,s17
FN:187,s18
FN:197,s19
FN:207,s20
FN:217,s21
FN:227,s22
FN:237,s23
FN:247,s24
FN:257,s25
FN:267,s26
FN:277,s27
FN:287,s28
FN:297,s29
FN:307,s30
FN:317,s31
FN:327,s32
FN:337,s33
FN:347,s34
FN:357,s35
FN:367,s36
FN:377,s37
FN:387,s38
FN:397,s39
FN:407,s40
FN:417,s41
FN:427,s42
FN:437,s43
FN:446,matches
FNF:45
FNH:44
FNDA:12,s0
FNDA:30,s1
FNDA:30,s2
FNDA:27,s3
FNDA:27,s4
FNDA:27,s5
FNDA:27,s6
FNDA:27,s7
FNDA:27,s8
FNDA:27,s9
FNDA:27,s10
FNDA:27,s11
FNDA:27,s12
FNDA:27,s13
FNDA:27,s14
FNDA:27,s15
FNDA:27,s16
FNDA:27,s17
FNDA:27,s18
FNDA:27,s19
FNDA:27,s20
FNDA:27,s21
FNDA:27,s22
FNDA:27,s23
FNDA:27,s24
FNDA:27,s25
FNDA:27,s26
FNDA:27,s27
FNDA:27,s28
FNDA:27,s29
FNDA:27,s30
FNDA:27,s31
FNDA:27,s32
FNDA:27,s33
FNDA:27,s34
FNDA:27,s35
FNDA:27,s36
FNDA:27,s37
FNDA:27,s38
FNDA:27,s39
FNDA:27,s40
FNDA:27,s41
FNDA:27,s42
FNDA:0,s43
FNDA:30,matches
DA:13,12
DA:14,12
DA:18,30
DA:20,30
DA:21,30
DA:24,0
DA:28,30
DA:30,30
DA:31,27
DA:34,3
DA:38,27
DA:40,27
DA:41,27
DA:44,0
DA:48,27
DA:50,27
DA:51,27
DA:54,0
DA:58,27
DA:60,27
DA:61,27
DA:64,0
DA:68,27
DA:70,27
DA:71,27
DA:74,0
DA:78,27
DA:80,27
DA:81,27
DA:84,0
DA:88,27
DA:90,27
DA:91,27
DA:94,0
DA:98,27
DA:100,27
DA:101,27
DA:104,0
DA:108,27
DA:110,27
DA:111,27
DA:114,0
DA:118,27
DA:120,27
DA:121,27
DA:124,0
DA:128,27
DA:130,27
DA:131,27
DA:134,0
DA:138,27
DA:140,27
DA:141,27
DA:144,0
DA:148,27
DA:150,27
DA:151,27
DA:154,0
DA:158,27
DA:160,27
DA:161,27
DA:164,0
DA:168,27
DA:170,27
DA:171,27
DA:174,0
DA:178,27
DA:180,27
DA:181,27
DA:184,0
DA:188,27
DA:190,27
DA:191,27
DA:194,0
DA:198,27
DA:200,27
DA:201,27
DA:204,0
DA:208,27
DA:210,27
DA:211,27
DA:214,0
DA:218,27
DA:220,27
DA:221,27
DA:224,0
DA:228,27
DA:230,27
DA:231,27
DA:234,0
DA:238,27
DA:240,27
DA:241,27
DA:244,0
DA:248,27
DA:250,27
DA:251,27
DA:254,0
DA:258,27
DA:260,27
DA:261,27
DA:264,0
DA:268,27
DA:270,27
DA:271,27
DA:274,0
DA:278,27
DA:280,27
DA:281,27
DA:284,0
DA:288,27
DA:290,27
DA:291,27
DA:294,0
DA:298,27
DA:300,27
DA:301,27
DA:304,0
DA:308,27
DA:310,27
DA:311,27
DA:314,0
DA:318,27
DA:320,27
DA:321,27
DA:324,0
DA:328,27
DA:330,27
DA:331,27
DA:334,0
DA:338,27
DA:340,27
DA:341,27
DA:344,0
DA:348,27
DA:350,27
DA:351,27
DA:354,0
DA:358,27
DA:360,27
DA:361,27
DA:364,0
DA:368,27
DA:370,27
DA:371,27
DA:374,0
DA:378,27
DA:380,27
DA:381,27
DA:384,0
DA:388,27
DA:390,27
DA:391,27
DA:394,0
DA:398,27
DA:400,27
DA:401,27
DA:404,0
DA:408,27
DA:410,27
DA:411,27
DA:414,0
DA:418,27
DA:420,27
DA:421,27
DA:424,0
DA:428,27
DA:430,27
DA:431,27
DA:434,0
DA:438,0
DA:441,0
DA:443,0
DA:447,30
DA:449,30
DA:450,1152
DA:452,1152
DA:455,30
LF:178
LH:134
BRDA:20,1,0,30
BRDA:20,1,1,0
BRDA:30,2,0,27
BRDA:30,2,1,3
BRDA:40,3,0,27
BRDA:40,3,1,0
BRDA:50,4,0,27
BRDA:50,4,1,0
BRDA:60,5,0,27
BRDA:60,5,1,0
BRDA:70,6,0,27
BRDA:70,6,1,0
BRDA:80,7,0,27
BRDA:80,7,1,0
BRDA:90,8,0,27
BRDA:90,8,1,0
BRDA:100,9,0,27
BRDA:100,9,1,0
BRDA:110,10,0,27
BRDA:110,10,1,0
BRDA:120,11,0,27
BRDA:120,11,1,0
BRDA:130,12,0,27
BRDA:130,12,1,0
BRDA:140,13,0,27
BRDA:140,13,1,0
BRDA:150,14,0,27
BRDA:150,14,1,0
BRDA:160,15,0,27
BRDA:160,15,1,0
BRDA:170,16,0,27
BRDA:170,16,1,0
BRDA:180,17,0,27
BRDA:180,17,1,0
BRDA:190,18,0,27
BRDA:190,18,1,0
BRDA:200,19,0,27
BRDA:200,19,1,0
BRDA:210,20,0,27
BRDA:210,20,1,0
BRDA:220,21,0,27
BRDA:220,21,1,0
BRDA:230,22,0,27
BRDA:230,22,1,0
BRDA:240,23,0,27
BRDA:240,23,1,0
BRDA:250,24,0,27
BRDA:250,24,1,0
BRDA:260,25,0,27
BRDA:260,25,1,0
BRDA:270,26,0,27
BRDA:270,26,1,0
BRDA:280,27,0,27
BRDA:280,27,1,0
BRDA:290,28,0,27
BRDA:290,28,1,0
BRDA:300,29,0,27
BRDA:300,29,1,0
BRDA:310,30,0,27
BRDA:310,30,1,0
BRDA:320,31,0,27
BRDA:320,31,1,0
BRDA:330,32,0,27
BRDA:330,32,1,0
BRDA:340,33,0,27
BRDA:340,33,1,0
BRDA:350,34,0,27
BRDA:350,34,1,0
BRDA:360,35,0,27
BRDA:360,35,1,0
BRDA:370,36,0,27
BRDA:370,36,1,0
BRDA:380,37,0,27
BRDA:380,37,1,0
BRDA:390,38,0,27
BRDA:390,38,1,0
BRDA:400,39,0,27
BRDA:400,39,1,0
BRDA:410,40,0,27
BRDA:410,40,1,0
BRDA:420,41,0,27
BRDA:420,41,1,0
BRDA:430,42,0,27
BRDA:430,42,1,0
BRF:84
BRH:43
end_of_record
TN:
SF:/home/runner/work/contracts/contracts/contracts/domain/regex/FlowRegex.sol
FN:12,s0
FN:17,s1
FN:27,s2
FN:37,s3
FN:47,s4
FN:57,s5
FN:67,s6
FN:77,s7
FN:87,s8
FN:97,s9
FN:107,s10
FN:117,s11
FN:127,s12
FN:137,s13
FN:147,s14
FN:157,s15
FN:167,s16
FN:177,s17
FN:187,s18
FN:197,s19
FN:206,matches
FNF:21
FNH:21
FNDA:132,s0
FNDA:8,s1
FNDA:6,s2
FNDA:6,s3
FNDA:6,s4
FNDA:6,s5
FNDA:6,s6
FNDA:6,s7
FNDA:6,s8
FNDA:6,s9
FNDA:6,s10
FNDA:6,s11
FNDA:6,s12
FNDA:6,s13
FNDA:6,s14
FNDA:6,s15
FNDA:6,s16
FNDA:6,s17
FNDA:6,s18
FNDA:2,s19
FNDA:8,matches
DA:13,132
DA:14,132
DA:18,8
DA:20,8
DA:21,6
DA:24,2
DA:28,6
DA:30,6
DA:31,6
DA:34,0
DA:38,6
DA:40,6
DA:41,6
DA:44,0
DA:48,6
DA:50,6
DA:51,6
DA:54,0
DA:58,6
DA:60,6
DA:61,6
DA:64,0
DA:68,6
DA:70,6
DA:71,6
DA:74,0
DA:78,6
DA:80,6
DA:81,6
DA:84,0
DA:88,6
DA:90,6
DA:91,6
DA:94,0
DA:98,6
DA:100,6
DA:101,6
DA:104,0
DA:108,6
DA:110,6
DA:111,6
DA:114,0
DA:118,6
DA:120,6
DA:121,6
DA:124,0
DA:128,6
DA:130,6
DA:131,6
DA:134,0
DA:138,6
DA:140,6
DA:141,6
DA:144,0
DA:148,6
DA:150,6
DA:151,6
DA:154,0
DA:158,6
DA:160,6
DA:161,6
DA:164,0
DA:168,6
DA:170,6
DA:171,6
DA:174,0
DA:178,6
DA:180,6
DA:181,6
DA:184,0
DA:188,6
DA:190,6
DA:191,6
DA:194,0
DA:198,2
DA:201,2
DA:203,2
DA:207,8
DA:209,8
DA:210,244
DA:212,244
DA:215,8
LF:82
LH:65
BRDA:20,1,0,6
BRDA:20,1,1,2
BRDA:30,2,0,6
BRDA:30,2,1,0
BRDA:40,3,0,6
BRDA:40,3,1,0
BRDA:50,4,0,6
BRDA:50,4,1,0
BRDA:60,5,0,6
BRDA:60,5,1,0
BRDA:70,6,0,6
BRDA:70,6,1,0
BRDA:80,7,0,6
BRDA:80,7,1,0
BRDA:90,8,0,6
BRDA:90,8,1,0
BRDA:100,9,0,6
BRDA:100,9,1,0
BRDA:110,10,0,6
BRDA:110,10,1,0
BRDA:120,11,0,6
BRDA:120,11,1,0
BRDA:130,12,0,6
BRDA:130,12,1,0
BRDA:140,13,0,6
BRDA:140,13,1,0
BRDA:150,14,0,6
BRDA:150,14,1,0
BRDA:160,15,0,6
BRDA:160,15,1,0
BRDA:170,16,0,6
BRDA:170,16,1,0
BRDA:180,17,0,6
BRDA:180,17,1,0
BRDA:190,18,0,6
BRDA:190,18,1,0
BRF:36
BRH:19
end_of_record
TN:
SF:/home/runner/work/contracts/contracts/contracts/domain/regex/HederaRegex.sol
FN:12,s0
FN:17,s1
FN:27,s2
FN:37,s3
FN:47,s4
FN:57,s5
FN:67,s6
FN:77,s7
FN:87,s8
FN:97,s9
FN:107,s10
FN:117,s11
FN:126,matches
FNF:13
FNH:12
FNDA:176,s0
FNDA:19,s1
FNDA:17,s2
FNDA:13,s3
FNDA:12,s4
FNDA:12,s5
FNDA:11,s6
FNDA:9,s7
FNDA:8,s8
FNDA:2,s9
FNDA:2,s10
FNDA:0,s11
FNDA:19,matches
DA:13,176
DA:14,176
DA:18,19
DA:20,19
DA:21,17
DA:24,2
DA:28,17
DA:30,17
DA:31,13
DA:34,4
DA:38,13
DA:40,13
DA:41,12
DA:44,1
DA:48,12
DA:50,12
DA:51,12
DA:54,0
DA:58,12
DA:60,12
DA:61,12
DA:64,0
DA:68,11
DA:70,11
DA:71,11
DA:74,0
DA:78,9
DA:80,9
DA:81,9
DA:84,0
DA:88,8
DA:90,8
DA:91,8
DA:94,0
DA:98,2
DA:100,2
DA:101,2
DA:104,0
DA:108,2
DA:110,2
DA:111,2
DA:114,0
DA:118,0
DA:121,0
DA:123,0
DA:127,19
DA:129,19
DA:130,281
DA:132,281
DA:135,19
LF:50
LH:40
BRDA:20,1,0,17
BRDA:20,1,1,2
BRDA:30,2,0,13
BRDA:30,2,1,4
BRDA:40,3,0,12
BRDA:40,3,1,1
BRDA:50,4,0,12
BRDA:50,4,1,0
BRDA:60,5,0,12
BRDA:60,5,1,0
BRDA:70,6,0,11
BRDA:70,6,1,0
BRDA:80,7,0,9
BRDA:80,7,1,0
BRDA:90,8,0,8
BRDA:90,8,1,0
BRDA:100,9,0,2
BRDA:100,9,1,0
BRDA:110,10,0,2
BRDA:110,10,1,0
BRF:20
BRH:13
end_of_record
TN:
SF:/home/runner/work/contracts/contracts/contracts/domain/regex/SolanaRegex.sol
FN:12,s0
FN:17,s1
FN:34,s2
FN:51,s3
FN:68,s4
FN:85,s5
FN:102,s6
FN:119,s7
FN:136,s8
FN:153,s9
FN:170,s10
FN:187,s11
FN:204,s12
FN:221,s13
FN:238,s14
FN:255,s15
FN:272,s16
FN:289,s17
FN:306,s18
FN:323,s19
FN:340,s20
FN:357,s21
FN:374,s22
FN:391,s23
FN:408,s24
FN:425,s25
FN:442,s26
FN:459,s27
FN:476,s28
FN:493,s29
FN:510,s30
FN:527,s31
FN:544,s32
FN:561,s33
FN:578,s34
FN:595,s35
FN:612,s36
FN:629,s37
FN:646,s38
FN:663,s39
FN:680,s40
FN:697,s41
FN:714,s42
FN:731,s43
FN:748,s44
FN:765,s45
FN:774,matches
FNF:47
FNH:46
FNDA:92,s0
FNDA:9,s1
FNDA:6,s2
FNDA:6,s3
FNDA:6,s4
FNDA:6,s5
FNDA:6,s6
FNDA:5,s7
FNDA:5,s8
FNDA:5,s9
FNDA:5,s10
FNDA:5,s11
FNDA:5,s12
FNDA:5,s13
FNDA:5,s14
FNDA:5,s15
FNDA:5,s16
FNDA:5,s17
FNDA:5,s18
FNDA:5,s19
FNDA:5,s20
FNDA:5,s21
FNDA:5,s22
FNDA:5,s23
FNDA:5,s24
FNDA:5,s25
FNDA:5,s26
FNDA:5,s27
FNDA:5,s28
FNDA:5,s29
FNDA:5,s30
FNDA:5,s31
FNDA:5,s32
FNDA:5,s33
FNDA:5,s34
FNDA:5,s35
FNDA:5,s36
FNDA:5,s37
FNDA:5,s38
FNDA:5,s39
FNDA:5,s40
FNDA:5,s41
FNDA:5,s42
FNDA:5,s43
FNDA:5,s44
FNDA:0,s45
FNDA:9,matches
DA:13,92
DA:14,92
DA:18,9
DA:20,9
DA:28,6
DA:31,3
DA:35,6
DA:37,6
DA:45,6
DA:48,0
DA:52,6
DA:54,6
DA:62,6
DA:65,0
DA:69,6
DA:71,6
DA:79,6
DA:82,0
DA:86,6
DA:88,6
DA:96,6
DA:99,0
DA:103,6
DA:105,6
DA:113,6
DA:116,0
DA:120,5
DA:122,5
DA:130,5
DA:133,0
DA:137,5
DA:139,5
DA:147,5
DA:150,0
DA:154,5
DA:156,5
DA:164,5
DA:167,0
DA:171,5
DA:173,5
DA:181,5
DA:184,0
DA:188,5
DA:190,5
DA:198,5
DA:201,0
DA:205,5
DA:207,5
DA:215,5
DA:218,0
DA:222,5
DA:224,5
DA:232,5
DA:235,0
DA:239,5
DA:241,5
DA:249,5
DA:252,0
DA:256,5
DA:258,5
DA:266,5
DA:269,0
DA:273,5
DA:275,5
DA:283,5
DA:286,0
DA:290,5
DA:292,5
DA:300,5
DA:303,0
DA:307,5
DA:309,5
DA:317,5
DA:320,0
DA:324,5
DA:326,5
DA:334,5
DA:337,0
DA:341,5
DA:343,5
DA:351,5
DA:354,0
DA:358,5
DA:360,5
DA:368,5
DA:371,0
DA:375,5
DA:377,5
DA:385,5
DA:388,0
DA:392,5
DA:394,5
DA:402,5
DA:405,0
DA:409,5
DA:411,5
DA:419,5
DA:422,0
DA:426,5
DA:428,5
DA:436,5
DA:439,0
DA:443,5
DA:445,5
DA:453,5
DA:456,0
DA:460,5
DA:462,5
DA:470,5
DA:473,0
DA:477,5
DA:479,5
DA:487,5
DA:490,0
DA:494,5
DA:496,5
DA:504,5
DA:507,0
DA:511,5
DA:513,5
DA:521,5
DA:524,0
DA:528,5
DA:530,5
DA:538,5
DA:541,0
DA:545,5
DA:547,5
DA:555,5
DA:558,0
DA:562,5
DA:564,5
DA:572,5
DA:575,0
DA:579,5
DA:581,5
DA:589,5
DA:592,0
DA:596,5
DA:598,5
DA:606,5
DA:609,0
DA:613,5
DA:615,5
DA:623,5
DA:626,0
DA:630,5
DA:632,5
DA:640,5
DA:643,0
DA:647,5
DA:649,5
DA:657,5
DA:660,0
DA:664,5
DA:666,5
DA:674,5
DA:677,0
DA:681,5
DA:683,5
DA:691,5
DA:694,0
DA:698,5
DA:700,5
DA:708,5
DA:711,0
DA:715,5
DA:717,5
DA:725,5
DA:728,0
DA:732,5
DA:734,5
DA:742,5
DA:745,0
DA:749,5
DA:751,5
DA:759,5
DA:762,0
DA:766,0
DA:769,0
DA:771,0
DA:775,9
DA:777,9
DA:778,321
DA:780,321
DA:783,9
LF:186
LH:140
BRDA:20,1,0,6
BRDA:20,1,1,3
BRDA:37,2,0,6
BRDA:37,2,1,0
BRDA:54,3,0,6
BRDA:54,3,1,0
BRDA:71,4,0,6
BRDA:71,4,1,0
BRDA:88,5,0,6
BRDA:88,5,1,0
BRDA:105,6,0,6
BRDA:105,6,1,0
BRDA:122,7,0,5
BRDA:122,7,1,0
BRDA:139,8,0,5
BRDA:139,8,1,0
BRDA:156,9,0,5
BRDA:156,9,1,0
BRDA:173,10,0,5
BRDA:173,10,1,0
BRDA:190,11,0,5
BRDA:190,11,1,0
BRDA:207,12,0,5
BRDA:207,12,1,0
BRDA:224,13,0,5
BRDA:224,13,1,0
BRDA:241,14,0,5
BRDA:241,14,1,0
BRDA:258,15,0,5
BRDA:258,15,1,0
BRDA:275,16,0,5
BRDA:275,16,1,0
BRDA:292,17,0,5
BRDA:292,17,1,0
BRDA:309,18,0,5
BRDA:309,18,1,0
BRDA:326,19,0,5
BRDA:326,19,1,0
BRDA:343,20,0,5
BRDA:343,20,1,0
BRDA:360,21,0,5
BRDA:360,21,1,0
BRDA:377,22,0,5
BRDA:377,22,1,0
BRDA:394,23,0,5
BRDA:394,23,1,0
BRDA:411,24,0,5
BRDA:411,24,1,0
BRDA:428,25,0,5
BRDA:428,25,1,0
BRDA:445,26,0,5
BRDA:445,26,1,0
BRDA:462,27,0,5
BRDA:462,27,1,0
BRDA:479,28,0,5
BRDA:479,28,1,0
BRDA:496,29,0,5
BRDA:496,29,1,0
BRDA:513,30,0,5
BRDA:513,30,1,0
BRDA:530,31,0,5
BRDA:530,31,1,0
BRDA:547,32,0,5
BRDA:547,32,1,0
BRDA:564,33,0,5
BRDA:564,33,1,0
BRDA:581,34,0,5
BRDA:581,34,1,0
BRDA:598,35,0,5
BRDA:598,35,1,0
BRDA:615,36,0,5
BRDA:615,36,1,0
BRDA:632,37,0,5
BRDA:632,37,1,0
BRDA:649,38,0,5
BRDA:649,38,1,0
BRDA:666,39,0,5
BRDA:666,39,1,0
BRDA:683,40,0,5
BRDA:683,40,1,0
BRDA:700,41,0,5
BRDA:700,41,1,0
BRDA:717,42,0,5
BRDA:717,42,1,0
BRDA:734,43,0,5
BRDA:734,43,1,0
BRDA:751,44,0,5
BRDA:751,44,1,0
BRF:88
BRH:45
end_of_record
TN:
SF:/home/runner/work/contracts/contracts/contracts/domain/regex/TezosRegex.sol
FN:12,s0
FN:17,s1
FN:30,s2
FN:40,s3
FN:50,s4
FN:60,s5
FN:70,s6
FN:80,s7
FN:90,s8
FN:100,s9
FN:110,s10
FN:120,s11
FN:130,s12
FN:140,s13
FN:150,s14
FN:160,s15
FN:170,s16
FN:180,s17
FN:190,s18
FN:200,s19
FN:210,s20
FN:220,s21
FN:230,s22
FN:240,s23
FN:250,s24
FN:260,s25
FN:270,s26
FN:280,s27
FN:290,s28
FN:300,s29
FN:310,s30
FN:320,s31
FN:330,s32
FN:340,s33
FN:350,s34
FN:360,s35
FN:370,s36
FN:380,s37
FN:390,s38
FN:400,s39
FN:410,s40
FN:419,matches
FNF:42
FNH:41
FNDA:168,s0
FNDA:8,s1
FNDA:1,s2
FNDA:3,s3
FNDA:1,s4
FNDA:3,s5
FNDA:1,s6
FNDA:3,s7
FNDA:4,s8
FNDA:4,s9
FNDA:4,s10
FNDA:4,s11
FNDA:4,s12
FNDA:4,s13
FNDA:4,s14
FNDA:4,s15
FNDA:4,s16
FNDA:4,s17
FNDA:4,s18
FNDA:4,s19
FNDA:4,s20
FNDA:4,s21
FNDA:4,s22
FNDA:4,s23
FNDA:4,s24
FNDA:4,s25
FNDA:4,s26
FNDA:4,s27
FNDA:4,s28
FNDA:4,s29
FNDA:4,s30
FNDA:4,s31
FNDA:4,s32
FNDA:4,s33
FNDA:4,s34
FNDA:4,s35
FNDA:4,s36
FNDA:4,s37
FNDA:4,s38
FNDA:4,s39
FNDA:0,s40
FNDA:8,matches
DA:13,168
DA:14,168
DA:18,8
DA:20,8
DA:21,1
DA:23,7
DA:24,3
DA:27,4
DA:31,1
DA:33,1
DA:34,1
DA:37,0
DA:41,3
DA:43,3
DA:44,3
DA:47,0
DA:51,1
DA:53,1
DA:54,1
DA:57,0
DA:61,3
DA:63,3
DA:64,3
DA:67,0
DA:71,1
DA:73,1
DA:74,1
DA:77,0
DA:81,3
DA:83,3
DA:84,3
DA:87,0
DA:91,4
DA:93,4
DA:94,4
DA:97,0
DA:101,4
DA:103,4
DA:104,4
DA:107,0
DA:111,4
DA:113,4
DA:114,4
DA:117,0
DA:121,4
DA:123,4
DA:124,4
DA:127,0
DA:131,4
DA:133,4
DA:134,4
DA:137,0
DA:141,4
DA:143,4
DA:144,4
DA:147,0
DA:151,4
DA:153,4
DA:154,4
DA:157,0
DA:161,4
DA:163,4
DA:164,4
DA:167,0
DA:171,4
DA:173,4
DA:174,4
DA:177,0
DA:181,4
DA:183,4
DA:184,4
DA:187,0
DA:191,4
DA:193,4
DA:194,4
DA:197,0
DA:201,4
DA:203,4
DA:204,4
DA:207,0
DA:211,4
DA:213,4
DA:214,4
DA:217,0
DA:221,4
DA:223,4
DA:224,4
DA:227,0
DA:231,4
DA:233,4
DA:234,4
DA:237,0
DA:241,4
DA:243,4
DA:244,4
DA:247,0
DA:251,4
DA:253,4
DA:254,4
DA:257,0
DA:261,4
DA:263,4
DA:264,4
DA:267,0
DA:271,4
DA:273,4
DA:274,4
DA:277,0
DA:281,4
DA:283,4
DA:284,4
DA:287,0
DA:291,4
DA:293,4
DA:294,4
DA:297,0
DA:301,4
DA:303,4
DA:304,4
DA:307,0
DA:311,4
DA:313,4
DA:314,4
DA:317,0
DA:321,4
DA:323,4
DA:324,4
DA:327,0
DA:331,4
DA:333,4
DA:334,4
DA:337,0
DA:341,4
DA:343,4
DA:344,4
DA:347,0
DA:351,4
DA:353,4
DA:354,4
DA:357,0
DA:361,4
DA:363,4
DA:364,4
DA:367,0
DA:371,4
DA:373,4
DA:374,4
DA:377,0
DA:381,4
DA:383,4
DA:384,4
DA:387,0
DA:391,4
DA:393,4
DA:394,4
DA:397,0
DA:401,4
DA:403,4
DA:404,4
DA:407,0
DA:411,0
DA:414,0
DA:416,0
DA:420,8
DA:422,8
DA:423,316
DA:425,316
DA:428,8
LF:168
LH:127
BRDA:20,1,0,1
BRDA:20,1,1,7
BRDA:23,2,0,3
BRDA:23,2,1,4
BRDA:33,3,0,1
BRDA:33,3,1,0
BRDA:43,4,0,3
BRDA:43,4,1,0
BRDA:53,5,0,1
BRDA:53,5,1,0
BRDA:63,6,0,3
BRDA:63,6,1,0
BRDA:73,7,0,1
BRDA:73,7,1,0
BRDA:83,8,0,3
BRDA:83,8,1,0
BRDA:93,9,0,4
BRDA:93,9,1,0
BRDA:103,10,0,4
BRDA:103,10,1,0
BRDA:113,11,0,4
BRDA:113,11,1,0
BRDA:123,12,0,4
BRDA:123,12,1,0
BRDA:133,13,0,4
BRDA:133,13,1,0
BRDA:143,14,0,4
BRDA:143,14,1,0
BRDA:153,15,0,4
BRDA:153,15,1,0
BRDA:163,16,0,4
BRDA:163,16,1,0
BRDA:173,17,0,4
BRDA:173,17,1,0
BRDA:183,18,0,4
BRDA:183,18,1,0
BRDA:193,19,0,4
BRDA:193,19,1,0
BRDA:203,20,0,4
BRDA:203,20,1,0
BRDA:213,21,0,4
BRDA:213,21,1,0
BRDA:223,22,0,4
BRDA:223,22,1,0
BRDA:233,23,0,4
BRDA:233,23,1,0
BRDA:243,24,0,4
BRDA:243,24,1,0
BRDA:253,25,0,4
BRDA:253,25,1,0
BRDA:263,26,0,4
BRDA:263,26,1,0
BRDA:273,27,0,4
BRDA:273,27,1,0
BRDA:283,28,0,4
BRDA:283,28,1,0
BRDA:293,29,0,4
BRDA:293,29,1,0
BRDA:303,30,0,4
BRDA:303,30,1,0
BRDA:313,31,0,4
BRDA:313,31,1,0
BRDA:323,32,0,4
BRDA:323,32,1,0
BRDA:333,33,0,4
BRDA:333,33,1,0
BRDA:343,34,0,4
BRDA:343,34,1,0
BRDA:353,35,0,4
BRDA:353,35,1,0
BRDA:363,36,0,4
BRDA:363,36,1,0
BRDA:373,37,0,4
BRDA:373,37,1,0
BRDA:383,38,0,4
BRDA:383,38,1,0
BRDA:393,39,0,4
BRDA:393,39,1,0
BRDA:403,40,0,4
BRDA:403,40,1,0
BRF:80
BRH:42
end_of_record
TN:
SF:/home/runner/work/contracts/contracts/contracts/domain/StringUtils.sol
FN:11,strlen
FNF:1
FNH:1
FNDA:10,strlen
DA:12,10
DA:13,10
DA:14,10
DA:15,10
DA:16,80
DA:17,80
DA:18,80
DA:20,0
DA:22,0
DA:24,0
DA:26,0
DA:28,0
DA:31,10
LF:13
LH:8
BRDA:17,1,0,80
BRDA:17,1,1,0
BRDA:19,2,0,0
BRDA:19,2,1,0
BRDA:21,3,0,0
BRDA:21,3,1,0
BRDA:23,4,0,0
BRDA:23,4,1,0
BRDA:25,5,0,0
BRDA:25,5,1,0
BRF:10
BRH:1
end_of_record
TN:
SF:/home/runner/work/contracts/contracts/contracts/erc721a/ERC721A.sol
FN:97,constructor
FN:107,_startTokenId
FN:114,_nextTokenId
FN:123,totalSupply
FN:134,_totalMinted
FN:145,_totalBurned
FN:152,supportsInterface
FN:165,balanceOf
FN:173,_numberMinted
FN:180,_numberBurned
FN:187,_getAux
FN:195,_setAux
FN:209,_packedOwnershipOf
FN:238,_unpackedOwnership
FN:247,_ownershipAt
FN:254,_initializeOwnershipAt
FN:264,_ownershipOf
FN:271,ownerOf
FN:278,name
FN:285,symbol
FN:292,tokenURI
FN:304,_baseURI
FN:311,_addressToUint256
FN:320,_boolToUint256
FN:329,approve
FN:344,getApproved
FN:353,setApprovalForAll
FN:363,isApprovedForAll
FN:370,transferFrom
FN:381,safeTransferFrom
FN:392,safeTransferFrom
FN:412,_exists
FN:422,_safeMint
FN:437,_safeMint
FN:469,_mint
FN:517,_transfer
FN:581,_burn
FN:595,_burn
FN:671,_checkContractOnERC721Received
FN:707,_beforeTokenTransfers
FN:730,_afterTokenTransfers
FN:742,_msgSenderERC721A
FN:749,_toString
FNF:43
FNH:11
FNDA:3,constructor
FNDA:8,_startTokenId
FNDA:0,_nextTokenId
FNDA:1,totalSupply
FNDA:0,_totalMinted
FNDA:0,_totalBurned
FNDA:0,supportsInterface
FNDA:0,balanceOf
FNDA:0,_numberMinted
FNDA:0,_numberBurned
FNDA:0,_getAux
FNDA:0,_setAux
FNDA:0,_packedOwnershipOf
FNDA:0,_unpackedOwnership
FNDA:0,_ownershipAt
FNDA:0,_initializeOwnershipAt
FNDA:0,_ownershipOf
FNDA:0,ownerOf
FNDA:0,name
FNDA:0,symbol
FNDA:4,tokenURI
FNDA:0,_baseURI
FNDA:6,_addressToUint256
FNDA:3,_boolToUint256
FNDA:0,approve
FNDA:0,getApproved
FNDA:0,setApprovalForAll
FNDA:0,isApprovedForAll
FNDA:0,transferFrom
FNDA:0,safeTransferFrom
FNDA:0,safeTransferFrom
FNDA:4,_exists
FNDA:0,_safeMint
FNDA:0,_safeMint
FNDA:3,_mint
FNDA:0,_transfer
FNDA:0,_burn
FNDA:0,_burn
FNDA:0,_checkContractOnERC721Received
FNDA:3,_beforeTokenTransfers
FNDA:3,_afterTokenTransfers
FNDA:0,_msgSenderERC721A
FNDA:3,_toString
DA:98,3
DA:99,3
DA:100,3
DA:108,8
DA:115,0
DA:126,1
DA:127,1
DA:137,0
DA:138,0
DA:146,0
DA:156,0
DA:166,0
DA:167,0
DA:174,0
DA:181,0
DA:188,0
DA:196,0
DA:197,0
DA:198,0
DA:202,0
DA:203,0
DA:210,0
DA:212,0
DA:213,0
DA:214,0
DA:215,0
DA:217,0
DA:225,0
DA:226,0
DA:228,0
DA:232,0
DA:239,0
DA:240,0
DA:241,0
DA:248,0
DA:255,0
DA:256,0
DA:265,0
DA:272,0
DA:279,0
DA:286,0
DA:293,4
DA:295,3
DA:296,3
DA:305,0
DA:312,6
DA:321,3
DA:330,0
DA:332,0
DA:333,0
DA:334,0
DA:337,0
DA:338,0
DA:345,0
DA:347,0
DA:354,0
DA:356,0
DA:357,0
DA:364,0
DA:375,0
DA:386,0
DA:398,0
DA:399,0
DA:400,0
DA:401,0
DA:413,4
DA:423,0
DA:442,0
DA:444,0
DA:445,0
DA:446,0
DA:447,0
DA:448,0
DA:454,0
DA:470,3
DA:471,3
DA:472,3
DA:474,3
DA:479,3
DA:485,3
DA:492,3
DA:497,3
DA:498,3
DA:502,3
DA:504,3
DA:522,0
DA:524,0
DA:526,0
DA:528,0
DA:532,0
DA:533,0
DA:535,0
DA:538,0
DA:539,0
DA:545,0
DA:547,0
DA:548,0
DA:555,0
DA:561,0
DA:562,0
DA:564,0
DA:566,0
DA:568,0
DA:574,0
DA:575,0
DA:582,0
DA:596,0
DA:598,0
DA:599,0
DA:601,0
DA:602,0
DA:606,0
DA:609,0
DA:612,0
DA:613,0
DA:619,0
DA:626,0
DA:633,0
DA:640,0
DA:641,0
DA:643,0
DA:645,0
DA:647,0
DA:653,0
DA:654,0
DA:657,0
DA:658,0
DA:677,0
DA:680,0
DA:682,0
DA:683,0
DA:685,0
DA:743,0
DA:750,3
LF:134
LH:24
BRDA:166,1,0,0
BRDA:166,1,1,0
BRDA:213,2,0,0
BRDA:213,2,1,0
BRDA:214,3,0,0
BRDA:214,3,1,0
BRDA:217,4,0,0
BRDA:217,4,1,0
BRDA:255,5,0,0
BRDA:255,5,1,0
BRDA:293,6,0,1
BRDA:293,6,1,3
BRDA:332,7,0,0
BRDA:332,7,1,0
BRDA:333,8,0,0
BRDA:333,8,1,0
BRDA:345,9,0,0
BRDA:345,9,1,0
BRDA:354,10,0,0
BRDA:354,10,1,0
BRDA:399,11,0,0
BRDA:399,11,1,0
BRDA:400,12,0,0
BRDA:400,12,1,0
BRDA:445,13,0,0
BRDA:445,13,1,0
BRDA:454,14,0,0
BRDA:454,14,1,0
BRDA:471,15,0,0
BRDA:471,15,1,3
BRDA:472,16,0,0
BRDA:472,16,1,3
BRDA:524,17,0,0
BRDA:524,17,1,0
BRDA:532,18,0,0
BRDA:532,18,1,0
BRDA:533,19,0,0
BRDA:533,19,1,0
BRDA:538,20,0,0
BRDA:538,20,1,0
BRDA:561,21,0,0
BRDA:561,21,1,0
BRDA:564,22,0,0
BRDA:564,22,1,0
BRDA:566,23,0,0
BRDA:566,23,1,0
BRDA:601,24,0,0
BRDA:601,24,1,0
BRDA:606,25,0,0
BRDA:606,25,1,0
BRDA:612,26,0,0
BRDA:612,26,1,0
BRDA:640,27,0,0
BRDA:640,27,1,0
BRDA:643,28,0,0
BRDA:643,28,1,0
BRDA:645,29,0,0
BRDA:645,29,1,0
BRDA:682,30,0,0
BRDA:682,30,1,0
BRF:60
BRH:4
end_of_record
TN:
SF:/home/runner/work/contracts/contracts/contracts/erc721a/ERC721AProfileUpgradeable.sol
FN:104,__ERC721A_init
FN:114,__ERC721A_init_unchained
FN:124,_startTokenId
FN:131,totalSupply
FN:142,_totalMinted
FN:153,supportsInterface
FN:169,balanceOf
FN:177,_numberMinted
FN:184,_numberBurned
FN:191,_getAux
FN:199,_setAux
FN:204,multiOwnerOf
FN:219,_ownershipOf
FN:249,ownerOf
FN:256,name
FN:263,symbol
FN:270,tokenURI
FN:282,_baseURI
FN:289,approve
FN:303,getApproved
FN:312,setApprovalForAll
FN:322,isApprovedForAll
FN:329,transferFrom
FN:340,safeTransferFrom
FN:351,safeTransferFrom
FN:370,_exists
FN:374,_safeMint
FN:388,_safeMint
FN:406,_mint
FN:460,_transfer
FN:510,_transferAdmin
FN:558,_burn
FN:572,_burn
FN:632,_approve
FN:650,_checkContractOnERC721Received
FN:686,_beforeTokenTransfers
FN:709,_afterTokenTransfers
FNF:37
FNH:14
FNDA:108,__ERC721A_init
FNDA:108,__ERC721A_init_unchained
FNDA:294,_startTokenId
FNDA:62,totalSupply
FNDA:0,_totalMinted
FNDA:0,supportsInterface
FNDA:0,balanceOf
FNDA:0,_numberMinted
FNDA:0,_numberBurned
FNDA:0,_getAux
FNDA:0,_setAux
FNDA:0,multiOwnerOf
FNDA:93,_ownershipOf
FNDA:91,ownerOf
FNDA:1,name
FNDA:1,symbol
FNDA:0,tokenURI
FNDA:0,_baseURI
FNDA:0,approve
FNDA:0,getApproved
FNDA:0,setApprovalForAll
FNDA:0,isApprovedForAll
FNDA:0,transferFrom
FNDA:0,safeTransferFrom
FNDA:0,safeTransferFrom
FNDA:31,_exists
FNDA:0,_safeMint
FNDA:0,_safeMint
FNDA:29,_mint
FNDA:0,_transfer
FNDA:2,_transferAdmin
FNDA:0,_burn
FNDA:0,_burn
FNDA:2,_approve
FNDA:0,_checkContractOnERC721Received
FNDA:31,_beforeTokenTransfers
FNDA:31,_afterTokenTransfers
DA:105,108
DA:106,108
DA:107,108
DA:115,108
DA:116,108
DA:117,108
DA:118,108
DA:125,294
DA:134,62
DA:135,62
DA:145,0
DA:146,0
DA:160,0
DA:170,0
DA:171,0
DA:178,0
DA:185,0
DA:192,0
DA:200,0
DA:205,0
DA:206,0
DA:208,0
DA:209,0
DA:212,0
DA:220,93
DA:222,93
DA:223,93
DA:224,93
DA:225,93
DA:226,93
DA:227,93
DA:233,0
DA:234,0
DA:235,0
DA:236,0
DA:237,0
DA:243,0
DA:250,91
DA:257,1
DA:264,1
DA:271,0
DA:273,0
DA:274,0
DA:283,0
DA:290,0
DA:291,0
DA:293,0
DA:294,0
DA:297,0
DA:304,0
DA:306,0
DA:313,0
DA:315,0
DA:316,0
DA:323,0
DA:334,0
DA:345,0
DA:357,0
DA:358,0
DA:359,0
DA:371,31
DA:375,0
DA:393,0
DA:412,29
DA:413,29
DA:414,29
DA:416,29
DA:421,29
DA:422,29
DA:423,29
DA:425,29
DA:426,29
DA:428,29
DA:429,29
DA:431,29
DA:432,0
DA:439,0
DA:441,29
DA:445,29
DA:447,29
DA:465,0
DA:467,0
DA:469,0
DA:473,0
DA:474,0
DA:476,0
DA:479,0
DA:484,0
DA:485,0
DA:486,0
DA:488,0
DA:489,0
DA:490,0
DA:494,0
DA:495,0
DA:496,0
DA:499,0
DA:500,0
DA:501,0
DA:506,0
DA:507,0
DA:515,2
DA:517,2
DA:519,2
DA:521,2
DA:524,2
DA:529,2
DA:530,2
DA:531,2
DA:533,2
DA:534,2
DA:535,2
DA:539,2
DA:540,2
DA:541,2
DA:544,0
DA:545,0
DA:546,0
DA:551,2
DA:552,2
DA:559,0
DA:573,0
DA:575,0
DA:577,0
DA:578,0
DA:582,0
DA:585,0
DA:588,0
DA:593,0
DA:594,0
DA:595,0
DA:596,0
DA:599,0
DA:600,0
DA:601,0
DA:602,0
DA:606,0
DA:607,0
DA:608,0
DA:611,0
DA:612,0
DA:613,0
DA:618,0
DA:619,0
DA:622,0
DA:623,0
DA:637,2
DA:638,2
DA:656,0
DA:659,0
DA:661,0
DA:662,0
DA:664,0
LF:153
LH:54
BRDA:170,1,0,0
BRDA:170,1,1,0
BRDA:205,2,0,0
BRDA:205,2,1,0
BRDA:223,3,0,93
BRDA:223,3,1,0
BRDA:225,4,0,93
BRDA:225,4,1,0
BRDA:226,5,0,93
BRDA:226,5,1,0
BRDA:236,6,0,0
BRDA:236,6,1,0
BRDA:271,7,0,0
BRDA:271,7,1,0
BRDA:291,8,0,0
BRDA:291,8,1,0
BRDA:293,9,0,0
BRDA:293,9,1,0
BRDA:304,10,0,0
BRDA:304,10,1,0
BRDA:313,11,0,0
BRDA:313,11,1,0
BRDA:358,12,0,0
BRDA:358,12,1,0
BRDA:413,13,0,0
BRDA:413,13,1,29
BRDA:414,14,0,0
BRDA:414,14,1,29
BRDA:431,15,0,0
BRDA:431,15,1,29
BRDA:439,16,0,0
BRDA:439,16,1,0
BRDA:467,17,0,0
BRDA:467,17,1,0
BRDA:473,18,0,0
BRDA:473,18,1,0
BRDA:474,19,0,0
BRDA:474,19,1,0
BRDA:496,20,0,0
BRDA:496,20,1,0
BRDA:499,21,0,0
BRDA:499,21,1,0
BRDA:517,22,0,0
BRDA:517,22,1,2
BRDA:519,23,0,0
BRDA:519,23,1,2
BRDA:541,24,0,0
BRDA:541,24,1,2
BRDA:544,25,0,0
BRDA:544,25,1,0
BRDA:577,26,0,0
BRDA:577,26,1,0
BRDA:582,27,0,0
BRDA:582,27,1,0
BRDA:608,28,0,0
BRDA:608,28,1,0
BRDA:611,29,0,0
BRDA:611,29,1,0
BRDA:661,30,0,0
BRDA:661,30,1,0
BRF:60
BRH:9
end_of_record
TN:
SF:/home/runner/work/contracts/contracts/contracts/erc721a/ERC721AUpgradeable.sol
FN:104,__ERC721A_init
FN:114,__ERC721A_init_unchained
FN:124,_startTokenId
FN:131,totalSupply
FN:142,_totalMinted
FN:153,supportsInterface
FN:169,balanceOf
FN:177,_numberMinted
FN:184,_numberBurned
FN:191,_getAux
FN:199,_setAux
FN:204,multiOwnerOf
FN:219,_ownershipOf
FN:249,ownerOf
FN:256,name
FN:263,symbol
FN:270,tokenURI
FN:282,_baseURI
FN:289,approve
FN:303,getApproved
FN:312,setApprovalForAll
FN:322,isApprovedForAll
FN:329,transferFrom
FN:340,safeTransferFrom
FN:351,safeTransferFrom
FN:370,_exists
FN:374,_safeMint
FN:388,_safeMint
FN:406,_mint
FN:460,_transfer
FN:510,_adminTransfer
FN:558,_burn
FN:572,_burn
FN:632,_approve
FN:650,_checkContractOnERC721Received
FN:686,_beforeTokenTransfers
FN:709,_afterTokenTransfers
FNF:37
FNH:20
FNDA:168,__ERC721A_init
FNDA:168,__ERC721A_init_unchained
FNDA:0,_startTokenId
FNDA:444,totalSupply
FNDA:0,_totalMinted
FNDA:0,supportsInterface
FNDA:40,balanceOf
FNDA:0,_numberMinted
FNDA:0,_numberBurned
FNDA:0,_getAux
FNDA:0,_setAux
FNDA:2,multiOwnerOf
FNDA:109,_ownershipOf
FNDA:74,ownerOf
FNDA:0,name
FNDA:0,symbol
FNDA:2,tokenURI
FNDA:2,_baseURI
FNDA:2,approve
FNDA:2,getApproved
FNDA:2,setApprovalForAll
FNDA:2,isApprovedForAll
FNDA:0,transferFrom
FNDA:0,safeTransferFrom
FNDA:0,safeTransferFrom
FNDA:4,_exists
FNDA:0,_safeMint
FNDA:0,_safeMint
FNDA:350,_mint
FNDA:7,_transfer
FNDA:28,_adminTransfer
FNDA:0,_burn
FNDA:0,_burn
FNDA:36,_approve
FNDA:0,_checkContractOnERC721Received
FNDA:384,_beforeTokenTransfers
FNDA:384,_afterTokenTransfers
DA:105,168
DA:106,168
DA:107,168
DA:115,168
DA:116,168
DA:117,168
DA:118,168
DA:125,0
DA:134,444
DA:135,444
DA:145,0
DA:146,0
DA:160,0
DA:170,40
DA:171,40
DA:178,0
DA:185,0
DA:192,0
DA:200,0
DA:205,2
DA:206,1
DA:208,1
DA:209,2
DA:212,1
DA:220,109
DA:222,109
DA:223,109
DA:224,109
DA:225,109
DA:226,109
DA:227,104
DA:233,5
DA:234,34
DA:235,34
DA:236,34
DA:237,5
DA:243,0
DA:250,74
DA:257,0
DA:264,0
DA:271,2
DA:273,2
DA:274,2
DA:283,2
DA:290,2
DA:291,2
DA:293,2
DA:294,0
DA:297,2
DA:304,2
DA:306,2
DA:313,2
DA:315,1
DA:316,1
DA:323,2
DA:334,0
DA:345,0
DA:357,0
DA:358,0
DA:359,0
DA:371,4
DA:375,0
DA:393,0
DA:412,350
DA:413,350
DA:414,350
DA:416,350
DA:421,350
DA:422,350
DA:423,350
DA:425,350
DA:426,350
DA:428,350
DA:429,350
DA:431,350
DA:432,0
DA:439,0
DA:441,350
DA:445,350
DA:447,350
DA:465,7
DA:467,7
DA:469,6
DA:473,6
DA:474,6
DA:476,6
DA:479,6
DA:484,6
DA:485,6
DA:486,6
DA:488,6
DA:489,6
DA:490,6
DA:494,6
DA:495,6
DA:496,6
DA:499,2
DA:500,2
DA:501,2
DA:506,6
DA:507,6
DA:515,28
DA:517,28
DA:519,28
DA:521,28
DA:524,28
DA:529,28
DA:530,28
DA:531,28
DA:533,28
DA:534,28
DA:535,28
DA:539,28
DA:540,28
DA:541,28
DA:544,27
DA:545,27
DA:546,27
DA:551,28
DA:552,28
DA:559,0
DA:573,0
DA:575,0
DA:577,0
DA:578,0
DA:582,0
DA:585,0
DA:588,0
DA:593,0
DA:594,0
DA:595,0
DA:596,0
DA:599,0
DA:600,0
DA:601,0
DA:602,0
DA:606,0
DA:607,0
DA:608,0
DA:611,0
DA:612,0
DA:613,0
DA:618,0
DA:619,0
DA:622,0
DA:623,0
DA:637,36
DA:638,36
DA:656,0
DA:659,0
DA:661,0
DA:662,0
DA:664,0
LF:153
LH:101
BRDA:170,1,0,0
BRDA:170,1,1,40
BRDA:205,2,0,1
BRDA:205,2,1,1
BRDA:223,3,0,109
BRDA:223,3,1,0
BRDA:225,4,0,109
BRDA:225,4,1,0
BRDA:226,5,0,104
BRDA:226,5,1,5
BRDA:236,6,0,5
BRDA:236,6,1,29
BRDA:271,7,0,0
BRDA:271,7,1,2
BRDA:291,8,0,0
BRDA:291,8,1,2
BRDA:293,9,0,0
BRDA:293,9,1,2
BRDA:304,10,0,0
BRDA:304,10,1,2
BRDA:313,11,0,1
BRDA:313,11,1,1
BRDA:358,12,0,0
BRDA:358,12,1,0
BRDA:413,13,0,0
BRDA:413,13,1,350
BRDA:414,14,0,0
BRDA:414,14,1,350
BRDA:431,15,0,0
BRDA:431,15,1,350
BRDA:439,16,0,0
BRDA:439,16,1,0
BRDA:467,17,0,1
BRDA:467,17,1,6
BRDA:473,18,0,0
BRDA:473,18,1,6
BRDA:474,19,0,0
BRDA:474,19,1,6
BRDA:496,20,0,2
BRDA:496,20,1,4
BRDA:499,21,0,2
BRDA:499,21,1,0
BRDA:517,22,0,0
BRDA:517,22,1,28
BRDA:519,23,0,0
BRDA:519,23,1,28
BRDA:541,24,0,27
BRDA:541,24,1,1
BRDA:544,25,0,27
BRDA:544,25,1,0
BRDA:577,26,0,0
BRDA:577,26,1,0
BRDA:582,27,0,0
BRDA:582,27,1,0
BRDA:608,28,0,0
BRDA:608,28,1,0
BRDA:611,29,0,0
BRDA:611,29,1,0
BRDA:661,30,0,0
BRDA:661,30,1,0
BRF:60
BRH:30
end_of_record
TN:
SF:/home/runner/work/contracts/contracts/contracts/erc721a/IERC721A.sol
FNF:0
FNH:0
LF:0
LH:0
BRF:0
BRH:0
end_of_record
TN:
SF:/home/runner/work/contracts/contracts/contracts/genesisKey/GenesisKey.sol
FN:63,onlyOwner
FN:75,initialize
FN:89,_authorizeUpgrade
FN:92,setOwner
FN:96,currentXP
FN:113,toggleLockup
FN:125,toggleLockup
FN:132,transferFrom
FN:142,safeTransferFrom
FN:155,safeTransferFrom
FN:169,setMultiSig
FN:173,toggleLockupBoolean
FN:177,setPublicSaleDuration
FN:181,setSigner
FN:188,initializePublicSale
FN:196,_startTokenId
FN:204,safeTransferETH
FN:210,transferETH
FN:215,mintKey
FN:220,publicBuyKey
FN:243,getCurrentPrice
FNF:21
FNH:9
FNDA:19,onlyOwner
FNDA:81,initialize
FNDA:1,_authorizeUpgrade
FNDA:2,setOwner
FNDA:0,currentXP
FNDA:0,toggleLockup
FNDA:0,toggleLockup
FNDA:4,transferFrom
FNDA:0,safeTransferFrom
FNDA:0,safeTransferFrom
FNDA:0,setMultiSig
FNDA:0,toggleLockupBoolean
FNDA:1,setPublicSaleDuration
FNDA:7,setSigner
FNDA:0,initializePublicSale
FNDA:103,_startTokenId
FNDA:0,safeTransferETH
FNDA:0,transferETH
FNDA:8,mintKey
FNDA:0,publicBuyKey
FNDA:0,getCurrentPrice
DA:64,19
DA:65,19
DA:76,81
DA:77,81
DA:78,81
DA:80,81
DA:81,81
DA:82,81
DA:83,81
DA:84,81
DA:85,81
DA:86,81
DA:93,2
DA:105,0
DA:106,0
DA:107,0
DA:108,0
DA:110,0
DA:114,0
DA:115,0
DA:116,0
DA:117,0
DA:118,0
DA:120,0
DA:121,0
DA:126,0
DA:127,0
DA:128,0
DA:137,4
DA:139,4
DA:147,0
DA:149,0
DA:161,0
DA:163,0
DA:164,0
DA:165,0
DA:170,0
DA:174,0
DA:178,1
DA:182,7
DA:189,0
DA:190,0
DA:191,0
DA:192,0
DA:193,0
DA:197,103
DA:205,0
DA:206,0
DA:211,0
DA:216,8
DA:217,8
DA:222,0
DA:223,0
DA:224,0
DA:225,0
DA:227,0
DA:228,0
DA:231,0
DA:234,0
DA:235,0
DA:238,0
DA:239,0
DA:244,0
DA:245,0
DA:247,0
DA:249,0
DA:250,0
DA:252,0
DA:253,0
DA:254,0
DA:256,0
LF:71
LH:20
BRDA:64,1,0,19
BRDA:64,1,1,0
BRDA:106,2,0,0
BRDA:106,2,1,0
BRDA:114,3,0,0
BRDA:114,3,1,0
BRDA:116,4,0,0
BRDA:116,4,1,0
BRDA:117,5,0,0
BRDA:117,5,1,0
BRDA:137,6,0,0
BRDA:137,6,1,4
BRDA:147,7,0,0
BRDA:147,7,1,0
BRDA:161,8,0,0
BRDA:161,8,1,0
BRDA:164,9,0,0
BRDA:164,9,1,0
BRDA:189,10,0,0
BRDA:189,10,1,0
BRDA:206,11,0,0
BRDA:206,11,1,0
BRDA:216,12,0,0
BRDA:216,12,1,8
BRDA:222,13,0,0
BRDA:222,13,1,0
BRDA:223,14,0,0
BRDA:223,14,1,0
BRDA:224,15,0,0
BRDA:224,15,1,0
BRDA:225,16,0,0
BRDA:225,16,1,0
BRDA:228,17,0,0
BRDA:228,17,1,0
BRDA:234,18,0,0
BRDA:234,18,1,0
BRDA:244,19,0,0
BRDA:244,19,1,0
BRDA:249,20,0,0
BRDA:249,20,1,0
BRF:40
BRH:3
end_of_record
TN:
SF:/home/runner/work/contracts/contracts/contracts/genesisKey/GenesisKeyTeamClaim.sol
FN:28,onlyOwner
FN:33,initialize
FN:40,_authorizeUpgrade
FN:43,setOwner
FN:47,setGenesisKeyMerkle
FN:51,addOwedTokenIds
FN:59,removeOwedTokenIds
FN:74,addTokenId
FN:85,teamClaim
FNF:9
FNH:3
FNDA:29,onlyOwner
FNDA:120,initialize
FNDA:0,_authorizeUpgrade
FNDA:0,setOwner
FNDA:29,setGenesisKeyMerkle
FNDA:0,addOwedTokenIds
FNDA:0,removeOwedTokenIds
FNDA:0,addTokenId
FNDA:0,teamClaim
DA:29,29
DA:30,29
DA:34,120
DA:36,120
DA:37,120
DA:44,0
DA:48,29
DA:52,0
DA:53,0
DA:54,0
DA:55,0
DA:60,0
DA:61,0
DA:62,0
DA:63,0
DA:64,0
DA:65,0
DA:66,0
DA:68,0
DA:75,0
DA:76,0
DA:77,0
DA:78,0
DA:87,0
DA:91,0
DA:92,0
DA:94,0
DA:95,0
DA:98,0
DA:100,0
DA:101,0
DA:104,0
LF:32
LH:6
BRDA:29,1,0,29
BRDA:29,1,1,0
BRDA:53,2,0,0
BRDA:53,2,1,0
BRDA:62,3,0,0
BRDA:62,3,1,0
BRDA:63,4,0,0
BRDA:63,4,1,0
BRDA:75,5,0,0
BRDA:75,5,1,0
BRDA:76,6,0,0
BRDA:76,6,1,0
BRDA:87,7,0,0
BRDA:87,7,1,0
BRDA:91,8,0,0
BRDA:91,8,1,0
BRDA:94,9,0,0
BRDA:94,9,1,0
BRF:18
BRH:1
end_of_record
TN:
SF:/home/runner/work/contracts/contracts/contracts/governance/vesting.sol
FN:58,onlyMultiSig
FN:63,initialize
FN:70,_authorizeUpgrade
FN:79,initializeVesting
FN:128,changeMultiSig
FN:133,revokeVesting
FN:145,claim
FN:184,currentClaim
FN:214,toBeVested
FN:220,getVestingInfo
FN:234,multiClaim
FNF:11
FNH:8
FNDA:8,onlyMultiSig
FNDA:6,initialize
FNDA:0,_authorizeUpgrade
FNDA:4,initializeVesting
FNDA:0,changeMultiSig
FNDA:2,revokeVesting
FNDA:14,claim
FNDA:12,currentClaim
FNDA:6,toBeVested
FNDA:0,getVestingInfo
FNDA:2,multiClaim
DA:59,8
DA:60,6
DA:64,6
DA:66,6
DA:67,6
DA:80,4
DA:89,4
DA:90,4
DA:91,7
DA:92,7
DA:93,7
DA:94,7
DA:95,7
DA:96,7
DA:98,7
DA:99,7
DA:100,5
DA:101,5
DA:102,5
DA:108,5
DA:113,5
DA:114,5
DA:115,5
DA:116,5
DA:117,5
DA:118,5
DA:120,5
DA:122,5
DA:125,2
DA:129,0
DA:130,0
DA:134,2
DA:135,2
DA:137,1
DA:138,1
DA:139,1
DA:146,14
DA:147,14
DA:148,12
DA:150,10
DA:151,0
DA:153,10
DA:154,10
DA:155,6
DA:157,4
DA:159,4
DA:160,4
DA:161,4
DA:163,4
DA:164,4
DA:165,4
DA:167,0
DA:168,0
DA:170,0
DA:171,0
DA:172,0
DA:174,0
DA:177,10
DA:178,10
DA:180,10
DA:185,12
DA:186,12
DA:188,12
DA:189,11
DA:190,2
DA:192,9
DA:194,9
DA:195,6
DA:196,6
DA:197,6
DA:198,6
DA:200,3
DA:201,3
DA:203,3
DA:204,3
DA:206,0
DA:210,1
DA:215,6
DA:216,6
DA:217,6
DA:221,0
DA:235,2
DA:236,2
DA:237,4
LF:84
LH:73
BRDA:59,1,0,6
BRDA:59,1,1,2
BRDA:80,2,0,4
BRDA:80,2,1,0
BRDA:98,3,0,7
BRDA:98,3,1,0
BRDA:99,4,0,5
BRDA:99,4,1,2
BRDA:100,5,0,5
BRDA:100,5,1,0
BRDA:101,6,0,5
BRDA:101,6,1,0
BRDA:102,7,0,5
BRDA:102,7,1,0
BRDA:108,8,0,5
BRDA:108,8,1,0
BRDA:134,9,0,2
BRDA:134,9,1,0
BRDA:135,10,0,1
BRDA:135,10,1,1
BRDA:139,11,0,1
BRDA:139,11,1,0
BRDA:146,12,0,14
BRDA:146,12,1,0
BRDA:147,13,0,12
BRDA:147,13,1,2
BRDA:148,14,0,10
BRDA:148,14,1,2
BRDA:150,15,0,0
BRDA:150,15,1,10
BRDA:154,16,0,6
BRDA:154,16,1,4
BRDA:159,17,0,4
BRDA:159,17,1,0
BRDA:166,18,0,0
BRDA:166,18,1,0
BRDA:174,19,0,0
BRDA:174,19,1,0
BRDA:178,20,0,10
BRDA:178,20,1,0
BRDA:185,21,0,12
BRDA:185,21,1,0
BRDA:186,22,0,12
BRDA:186,22,1,0
BRDA:188,23,0,11
BRDA:188,23,1,1
BRDA:189,24,0,2
BRDA:189,24,1,9
BRDA:194,25,0,6
BRDA:194,25,1,3
BRDA:199,26,0,3
BRDA:199,26,1,0
BRDA:215,27,0,6
BRDA:215,27,1,0
BRDA:216,28,0,6
BRDA:216,28,1,0
BRDA:235,29,0,2
BRDA:235,29,1,0
BRF:58
BRH:36
end_of_record
TN:
SF:/home/runner/work/contracts/contracts/contracts/interface/IGenesisKey.sol
FNF:0
FNH:0
LF:0
LH:0
BRF:0
BRH:0
end_of_record
TN:
SF:/home/runner/work/contracts/contracts/contracts/interface/IGenesisKeyDistributor.sol
FNF:0
FNH:0
LF:0
LH:0
BRF:0
BRH:0
end_of_record
TN:
SF:/home/runner/work/contracts/contracts/contracts/interface/IGenesisKeyStake.sol
FNF:0
FNH:0
LF:0
LH:0
BRF:0
BRH:0
end_of_record
TN:
SF:/home/runner/work/contracts/contracts/contracts/interface/IGenesisKeyTeamDistributor.sol
FNF:0
FNH:0
LF:0
LH:0
BRF:0
BRH:0
end_of_record
TN:
SF:/home/runner/work/contracts/contracts/contracts/interface/IMerkleDistributor.sol
FNF:0
FNH:0
LF:0
LH:0
BRF:0
BRH:0
end_of_record
TN:
SF:/home/runner/work/contracts/contracts/contracts/interface/INftMarketplace.sol
FNF:0
FNH:0
LF:0
LH:0
BRF:0
BRH:0
end_of_record
TN:
SF:/home/runner/work/contracts/contracts/contracts/interface/INftProfile.sol
FNF:0
FNH:0
LF:0
LH:0
BRF:0
BRH:0
end_of_record
TN:
SF:/home/runner/work/contracts/contracts/contracts/interface/INftProfileHelper.sol
FNF:0
FNH:0
LF:0
LH:0
BRF:0
BRH:0
end_of_record
TN:
SF:/home/runner/work/contracts/contracts/contracts/interface/INftResolver.sol
FNF:0
FNH:0
LF:0
LH:0
BRF:0
BRH:0
end_of_record
TN:
SF:/home/runner/work/contracts/contracts/contracts/interface/modIERC165Upgradeable.sol
FNF:0
FNH:0
LF:0
LH:0
BRF:0
BRH:0
end_of_record
TN:
SF:/home/runner/work/contracts/contracts/contracts/interface/modIERC721Upgradeable.sol
FNF:0
FNH:0
LF:0
LH:0
BRF:0
BRH:0
end_of_record
TN:
SF:/home/runner/work/contracts/contracts/contracts/marketplace/helpers/TransferExecutor.sol
FN:38,__TransferExecutor_init_unchained
FN:59,setRoyalty
FN:67,changeProtocolFee
FN:73,modifyWhitelist
FN:79,setTransferProxy
FN:92,transferEth
FN:134,transfer
FNF:7
FNH:7
FNDA:48,__TransferExecutor_init_unchained
FNDA:1,setRoyalty
FNDA:2,changeProtocolFee
FNDA:21,modifyWhitelist
FNDA:16,setTransferProxy
FNDA:3,transferEth
FNDA:39,transfer
DA:46,48
DA:47,48
DA:48,48
DA:49,48
DA:50,48
DA:51,48
DA:52,48
DA:60,1
DA:61,1
DA:62,1
DA:64,1
DA:68,2
DA:69,1
DA:70,1
DA:74,21
DA:75,21
DA:76,21
DA:80,16
DA:81,16
DA:98,3
DA:101,3
DA:102,1
DA:103,1
DA:104,1
DA:107,1
DA:109,1
DA:111,1
DA:112,1
DA:117,3
DA:118,3
DA:119,3
DA:121,3
DA:143,39
DA:144,39
DA:145,39
DA:147,39
DA:150,39
DA:152,39
DA:153,3
DA:155,17
DA:156,17
DA:157,17
DA:160,17
DA:161,6
DA:162,6
DA:163,6
DA:165,6
DA:166,2
DA:169,2
DA:178,17
DA:179,17
DA:182,17
DA:189,17
DA:196,16
DA:198,16
DA:199,16
DA:206,2
DA:207,2
DA:217,1
DA:219,39
LF:60
LH:60
BRDA:60,1,0,1
BRDA:60,1,1,0
BRDA:68,2,0,1
BRDA:68,2,1,1
BRDA:74,3,0,21
BRDA:74,3,1,0
BRDA:101,4,0,1
BRDA:101,4,1,2
BRDA:102,5,0,1
BRDA:102,5,1,0
BRDA:103,6,0,1
BRDA:103,6,1,0
BRDA:107,7,0,1
BRDA:107,7,1,0
BRDA:112,8,0,1
BRDA:112,8,1,0
BRDA:121,9,0,3
BRDA:121,9,1,0
BRDA:143,10,0,39
BRDA:143,10,1,0
BRDA:144,11,0,39
BRDA:144,11,1,0
BRDA:147,12,0,1
BRDA:147,12,1,38
BRDA:150,13,0,39
BRDA:150,13,1,0
BRDA:152,14,0,3
BRDA:152,14,1,36
BRDA:154,15,0,17
BRDA:154,15,1,19
BRDA:156,16,0,17
BRDA:156,16,1,0
BRDA:160,17,0,6
BRDA:160,17,1,11
BRDA:161,18,0,6
BRDA:161,18,1,0
BRDA:162,19,0,6
BRDA:162,19,1,0
BRDA:165,20,0,2
BRDA:165,20,1,4
BRDA:195,21,0,16
BRDA:195,21,1,3
BRDA:198,22,0,16
BRDA:198,22,1,0
BRDA:205,23,0,2
BRDA:205,23,1,1
BRF:46
BRH:32
end_of_record
TN:
SF:/home/runner/work/contracts/contracts/contracts/marketplace/interfaces/IERC1271.sol
FNF:0
FNH:0
LF:0
LH:0
BRF:0
BRH:0
end_of_record
TN:
SF:/home/runner/work/contracts/contracts/contracts/marketplace/interfaces/IERC20TransferProxy.sol
FNF:0
FNH:0
LF:0
LH:0
BRF:0
BRH:0
end_of_record
TN:
SF:/home/runner/work/contracts/contracts/contracts/marketplace/interfaces/IMarketplaceEvent.sol
FNF:0
FNH:0
LF:0
LH:0
BRF:0
BRH:0
end_of_record
TN:
SF:/home/runner/work/contracts/contracts/contracts/marketplace/interfaces/INftTransferProxy.sol
FNF:0
FNH:0
LF:0
LH:0
BRF:0
BRH:0
end_of_record
TN:
SF:/home/runner/work/contracts/contracts/contracts/marketplace/interfaces/ITransferExecutor.sol
FNF:0
FNH:0
LF:0
LH:0
BRF:0
BRH:0
end_of_record
TN:
SF:/home/runner/work/contracts/contracts/contracts/marketplace/interfaces/ITransferProxy.sol
FNF:0
FNH:0
LF:0
LH:0
BRF:0
BRH:0
end_of_record
TN:
SF:/home/runner/work/contracts/contracts/contracts/marketplace/interfaces/IValidationLogic.sol
FNF:0
FNH:0
LF:0
LH:0
BRF:0
BRH:0
end_of_record
TN:
SF:/home/runner/work/contracts/contracts/contracts/marketplace/lib/LibAsset.sol
FN:32,hash
FN:39,hash
FN:46,hash
FN:53,isSingularNft
FN:62,isOnlyFungible
FNF:5
FNH:5
FNDA:234,hash
FNDA:234,hash
FNDA:124,hash
FNDA:22,isSingularNft
FNDA:5,isOnlyFungible
DA:33,234
DA:40,234
DA:47,124
DA:48,124
DA:49,234
DA:51,124
DA:56,22
DA:57,5
DA:59,17
DA:65,5
DA:66,7
DA:68,0
DA:72,5
LF:13
LH:12
BRDA:56,1,0,5
BRDA:56,1,1,17
BRDA:66,2,0,0
BRDA:66,2,1,7
BRF:4
BRH:3
end_of_record
TN:
SF:/home/runner/work/contracts/contracts/contracts/marketplace/lib/LibSignature.sol
FN:30,_domainSeparatorV4Marketplace
FN:41,_hashTypedDataV4Marketplace
FN:45,getStructHash
FN:60,validate
FN:68,concatVRS
FN:85,recoverVRS
FNF:6
FNH:4
FNDA:55,_domainSeparatorV4Marketplace
FNDA:55,_hashTypedDataV4Marketplace
FNDA:62,getStructHash
FNDA:59,validate
FNDA:0,concatVRS
FNDA:0,recoverVRS
DA:31,55
DA:32,55
DA:42,55
DA:46,62
DA:61,59
DA:62,59
DA:63,58
DA:64,57
DA:65,57
DA:73,0
DA:74,0
DA:76,0
DA:82,0
DA:94,0
DA:96,0
DA:97,0
DA:98,0
DA:100,0
DA:106,0
LF:19
LH:9
BRDA:61,1,0,59
BRDA:61,1,1,0
BRDA:62,2,0,58
BRDA:62,2,1,1
BRDA:63,3,0,57
BRDA:63,3,1,1
BRDA:64,4,0,57
BRDA:64,4,1,0
BRDA:65,5,0,57
BRDA:65,5,1,0
BRDA:94,6,0,0
BRDA:94,6,1,0
BRF:12
BRH:7
end_of_record
TN:
SF:/home/runner/work/contracts/contracts/contracts/marketplace/MarketplaceEvent.sol
FN:12,initialize
FN:17,_authorizeUpgrade
FN:19,setMarketPlace
FN:24,emitExecuteSwap
FN:58,emitBuyNow
FN:96,emitMatch2
FN:136,emitMatch3
FNF:7
FNH:6
FNDA:48,initialize
FNDA:0,_authorizeUpgrade
FNDA:16,setMarketPlace
FNDA:8,emitExecuteSwap
FNDA:3,emitBuyNow
FNDA:11,emitMatch2
FNDA:8,emitMatch3
DA:13,48
DA:14,48
DA:20,16
DA:21,16
DA:33,8
DA:34,8
DA:43,8
DA:53,8
DA:55,8
DA:65,3
DA:66,3
DA:79,3
DA:81,3
DA:91,3
DA:93,3
DA:102,11
DA:103,11
DA:104,11
DA:105,11
DA:106,18
DA:107,18
DA:108,18
DA:111,11
DA:112,11
DA:113,11
DA:114,11
DA:115,21
DA:116,21
DA:117,21
DA:120,11
DA:131,11
DA:132,8
DA:137,8
DA:138,8
DA:139,8
DA:140,8
DA:141,18
DA:142,18
DA:143,18
DA:146,8
DA:147,8
DA:148,8
DA:149,8
DA:150,15
DA:151,15
DA:152,15
DA:155,8
DA:165,8
LF:48
LH:48
BRDA:33,1,0,8
BRDA:33,1,1,0
BRDA:65,2,0,3
BRDA:65,2,1,0
BRDA:131,3,0,8
BRDA:131,3,1,3
BRF:6
BRH:4
end_of_record
TN:
SF:/home/runner/work/contracts/contracts/contracts/marketplace/NftMarketplace.sol
FN:45,initialize
FN:61,_authorizeUpgrade
FN:69,requireValidOrder
FN:80,incrementNonce
FN:85,orderApproved
FN:99,validateOrder
FN:143,validateOrder_
FN:153,cancel
FN:165,approveOrder_
FN:194,buyNow
FN:255,executeSwap
FNF:11
FNH:10
FNDA:48,initialize
FNDA:1,_authorizeUpgrade
FNDA:28,requireValidOrder
FNDA:1,incrementNonce
FNDA:0,orderApproved
FNDA:59,validateOrder
FNDA:31,validateOrder_
FNDA:1,cancel
FNDA:4,approveOrder_
FNDA:3,buyNow
FNDA:13,executeSwap
DA:46,48
DA:47,48
DA:48,48
DA:56,48
DA:57,48
DA:58,48
DA:74,28
DA:75,28
DA:76,27
DA:81,1
DA:82,1
DA:86,0
DA:87,0
DA:89,0
DA:104,59
DA:106,57
DA:107,1
DA:110,56
DA:111,56
DA:112,1
DA:115,55
DA:117,55
DA:118,53
DA:122,2
DA:123,0
DA:129,0
DA:132,2
DA:149,31
DA:150,31
DA:154,1
DA:155,1
DA:156,1
DA:157,1
DA:158,1
DA:167,4
DA:168,2
DA:169,2
DA:172,2
DA:177,2
DA:179,2
DA:196,3
DA:197,3
DA:198,3
DA:200,3
DA:202,3
DA:210,3
DA:212,3
DA:225,3
DA:227,3
DA:238,3
DA:257,13
DA:258,12
DA:259,12
DA:260,12
DA:262,8
DA:263,0
DA:267,8
DA:268,8
DA:270,8
DA:278,8
DA:280,18
DA:291,8
DA:293,15
DA:305,8
DA:306,8
DA:308,8
LF:66
LH:60
BRDA:75,1,0,27
BRDA:75,1,1,1
BRDA:86,2,0,0
BRDA:86,2,1,0
BRDA:106,3,0,1
BRDA:106,3,1,56
BRDA:111,4,0,1
BRDA:111,4,1,55
BRDA:117,5,0,53
BRDA:117,5,1,2
BRDA:122,6,0,0
BRDA:122,6,1,2
BRDA:123,7,0,0
BRDA:123,7,1,0
BRDA:154,8,0,1
BRDA:154,8,1,0
BRDA:155,9,0,1
BRDA:155,9,1,0
BRDA:167,10,0,2
BRDA:167,10,1,2
BRDA:168,11,0,2
BRDA:168,11,1,0
BRDA:172,12,0,2
BRDA:172,12,1,0
BRDA:197,13,0,3
BRDA:197,13,1,0
BRDA:198,14,0,3
BRDA:198,14,1,0
BRDA:238,15,0,3
BRDA:238,15,1,0
BRDA:259,16,0,12
BRDA:259,16,1,0
BRDA:260,17,0,8
BRDA:260,17,1,4
BRDA:262,18,0,0
BRDA:262,18,1,8
BRDA:263,19,0,0
BRDA:263,19,1,0
BRDA:306,20,0,8
BRDA:306,20,1,0
BRDA:308,21,0,8
BRDA:308,21,1,0
BRF:42
BRH:24
end_of_record
TN:
SF:/home/runner/work/contracts/contracts/contracts/marketplace/TransferProxies/CryptoKittyTransferProxy.sol
FN:12,initialize
FN:22,transfer
FN:29,addOperator
FN:34,removeOperator
FN:39,onlyOperator
FN:44,_authorizeUpgrade
FNF:6
FNH:5
FNDA:48,initialize
FNDA:1,transfer
FNDA:17,addOperator
FNDA:1,removeOperator
FNDA:1,onlyOperator
FNDA:0,_authorizeUpgrade
DA:13,48
DA:14,48
DA:15,48
DA:23,1
DA:24,1
DA:25,1
DA:26,1
DA:30,17
DA:31,17
DA:35,1
DA:36,1
DA:40,1
DA:41,1
LF:13
LH:13
BRDA:24,1,0,1
BRDA:24,1,1,0
BRDA:40,2,0,1
BRDA:40,2,1,0
BRF:4
BRH:2
end_of_record
TN:
SF:/home/runner/work/contracts/contracts/contracts/marketplace/TransferProxies/ERC20TransferProxy.sol
FN:13,initialize
FN:24,erc20safeTransferFrom
FN:28,addOperator
FN:33,removeOperator
FN:38,onlyOperator
FN:43,_authorizeUpgrade
FNF:6
FNH:5
FNDA:48,initialize
FNDA:36,erc20safeTransferFrom
FNDA:17,addOperator
FNDA:1,removeOperator
FNDA:36,onlyOperator
FNDA:0,_authorizeUpgrade
DA:14,48
DA:15,48
DA:16,48
DA:25,36
DA:29,17
DA:30,17
DA:34,1
DA:35,1
DA:39,36
DA:40,36
LF:10
LH:10
BRDA:39,1,0,36
BRDA:39,1,1,0
BRF:2
BRH:1
end_of_record
TN:
SF:/home/runner/work/contracts/contracts/contracts/marketplace/TransferProxies/NftTransferProxy.sol
FN:11,initialize
FN:22,erc721safeTransferFrom
FN:33,erc1155safeTransferFrom
FN:37,addOperator
FN:42,removeOperator
FN:47,onlyOperator
FN:52,_authorizeUpgrade
FNF:7
FNH:6
FNDA:48,initialize
FNDA:16,erc721safeTransferFrom
FNDA:2,erc1155safeTransferFrom
FNDA:17,addOperator
FNDA:1,removeOperator
FNDA:18,onlyOperator
FNDA:0,_authorizeUpgrade
DA:12,48
DA:13,48
DA:14,48
DA:23,16
DA:34,2
DA:38,17
DA:39,17
DA:43,1
DA:44,1
DA:48,18
DA:49,18
LF:11
LH:11
BRDA:48,1,0,18
BRDA:48,1,1,0
BRF:2
BRH:1
end_of_record
TN:
SF:/home/runner/work/contracts/contracts/contracts/marketplace/ValidationLogic.sol
FN:10,initialize
FN:15,_authorizeUpgrade
FN:23,validateSingleAssetMatch1
FN:45,validAssetTypeData
FN:89,validateSingleAssetMatch2
FN:121,validateMatch
FN:191,decreasingValidation
FN:206,validateBuyNow
FN:228,validateMatch_
FN:242,getDecreasingPrice
FNF:10
FNH:9
FNDA:48,initialize
FNDA:0,_authorizeUpgrade
FNDA:52,validateSingleAssetMatch1
FNDA:56,validAssetTypeData
FNDA:58,validateSingleAssetMatch2
FNDA:25,validateMatch
FNDA:3,decreasingValidation
FNDA:3,validateBuyNow
FNDA:25,validateMatch_
FNDA:2,getDecreasingPrice
DA:11,48
DA:12,48
DA:28,52
DA:29,52
DA:31,52
DA:50,56
DA:55,7
DA:60,7
DA:65,7
DA:67,7
DA:68,4
DA:70,3
DA:73,37
DA:76,12
DA:79,0
DA:94,58
DA:95,58
DA:97,58
DA:128,25
DA:130,25
DA:137,25
DA:145,25
DA:150,25
DA:156,25
DA:157,52
DA:158,0
DA:162,52
DA:163,2
DA:164,2
DA:165,2
DA:171,25
DA:172,25
DA:174,25
DA:175,58
DA:176,2
DA:180,56
DA:181,12
DA:182,10
DA:183,7
DA:188,18
DA:192,3
DA:193,3
DA:207,3
DA:208,3
DA:209,3
DA:211,3
DA:212,1
DA:214,1
DA:215,1
DA:218,3
DA:234,25
DA:243,2
DA:244,2
DA:246,2
DA:247,2
DA:248,2
DA:249,2
DA:251,2
DA:253,2
DA:255,2
DA:256,0
DA:258,2
DA:259,2
DA:260,2
LF:64
LH:61
BRDA:50,1,0,7
BRDA:50,1,1,49
BRDA:65,2,0,7
BRDA:65,2,1,0
BRDA:67,3,0,4
BRDA:67,3,1,3
BRDA:72,4,0,37
BRDA:72,4,1,12
BRDA:74,5,0,12
BRDA:74,5,1,0
BRDA:130,6,0,25
BRDA:130,6,1,0
BRDA:137,7,0,25
BRDA:137,7,1,0
BRDA:145,8,0,25
BRDA:145,8,1,0
BRDA:150,9,0,25
BRDA:150,9,1,0
BRDA:157,10,0,0
BRDA:157,10,1,52
BRDA:162,11,0,2
BRDA:162,11,1,50
BRDA:163,12,0,2
BRDA:163,12,1,0
BRDA:164,13,0,2
BRDA:164,13,1,0
BRDA:171,14,0,25
BRDA:171,14,1,0
BRDA:172,15,0,25
BRDA:172,15,1,0
BRDA:175,16,0,2
BRDA:175,16,1,56
BRDA:180,17,0,12
BRDA:180,17,1,44
BRDA:181,18,0,10
BRDA:181,18,1,2
BRDA:182,19,0,7
BRDA:182,19,1,3
BRDA:192,20,0,3
BRDA:192,20,1,0
BRDA:193,21,0,3
BRDA:193,21,1,0
BRDA:207,22,0,3
BRDA:207,22,1,0
BRDA:208,23,0,3
BRDA:208,23,1,0
BRDA:209,24,0,3
BRDA:209,24,1,0
BRDA:211,25,0,1
BRDA:211,25,1,2
BRDA:214,26,0,1
BRDA:214,26,1,0
BRDA:215,27,0,1
BRDA:215,27,1,0
BRDA:243,28,0,2
BRDA:243,28,1,0
BRDA:255,29,0,0
BRDA:255,29,1,2
BRF:58
BRH:38
end_of_record
TN:
SF:/home/runner/work/contracts/contracts/contracts/origination/modERC1155Upgradeable.sol
FN:48,__ERC1155_init
FN:54,__ERC1155_init_unchained
FN:61,supportsInterface
FN:84,uri
FN:93,totalSupply
FN:102,exists
FN:106,origin
FN:110,tokenMaxSupply
FN:114,tokenIndex
FN:118,supplyMask
FN:122,indexMask
FN:133,balanceOf
FN:145,balanceOfBatch
FN:166,setApprovalForAll
FN:176,isApprovedForAll
FN:183,safeTransferFrom
FN:200,safeBatchTransferFrom
FN:226,_safeTransferFrom
FN:261,_safeBatchTransferFrom
FN:311,_setURI
FN:320,_beforeMint
FN:333,_mint
FN:367,_mintBatch
FN:404,_burn
FN:431,_burnBatch
FN:478,_beforeTokenTransfer
FN:487,_doSafeTransferAcceptanceCheck
FN:510,_doSafeBatchTransferAcceptanceCheck
FN:533,_asSingletonArray
FNF:29
FNH:12
FNDA:9,__ERC1155_init
FNDA:9,__ERC1155_init_unchained
FNDA:0,supportsInterface
FNDA:0,uri
FNDA:4,totalSupply
FNDA:0,exists
FNDA:10,origin
FNDA:7,tokenMaxSupply
FNDA:3,tokenIndex
FNDA:0,supplyMask
FNDA:0,indexMask
FNDA:6,balanceOf
FNDA:0,balanceOfBatch
FNDA:0,setApprovalForAll
FNDA:0,isApprovedForAll
FNDA:0,safeTransferFrom
FNDA:0,safeBatchTransferFrom
FNDA:0,_safeTransferFrom
FNDA:0,_safeBatchTransferFrom
FNDA:9,_setURI
FNDA:0,_beforeMint
FNDA:2,_mint
FNDA:0,_mintBatch
FNDA:0,_burn
FNDA:0,_burnBatch
FNDA:2,_beforeTokenTransfer
FNDA:1,_doSafeTransferAcceptanceCheck
FNDA:0,_doSafeBatchTransferAcceptanceCheck
FNDA:4,_asSingletonArray
DA:49,9
DA:50,9
DA:51,9
DA:55,9
DA:68,0
DA:85,0
DA:94,4
DA:103,0
DA:107,10
DA:111,7
DA:115,3
DA:119,0
DA:123,0
DA:134,6
DA:135,6
DA:152,0
DA:154,0
DA:156,0
DA:157,0
DA:160,0
DA:167,0
DA:169,0
DA:170,0
DA:177,0
DA:190,0
DA:194,0
DA:207,0
DA:211,0
DA:233,0
DA:235,0
DA:237,0
DA:239,0
DA:240,0
DA:241,0
DA:242,0
DA:244,0
DA:246,0
DA:248,0
DA:268,0
DA:269,0
DA:271,0
DA:273,0
DA:275,0
DA:276,0
DA:277,0
DA:279,0
DA:280,0
DA:281,0
DA:282,0
DA:284,0
DA:287,0
DA:289,0
DA:312,9
DA:339,2
DA:341,2
DA:343,2
DA:345,2
DA:347,1
DA:348,1
DA:351,1
DA:353,1
DA:355,1
DA:373,0
DA:374,0
DA:377,0
DA:379,0
DA:381,0
DA:383,0
DA:384,0
DA:385,0
DA:387,0
DA:388,0
DA:391,0
DA:393,0
DA:409,0
DA:411,0
DA:413,0
DA:415,0
DA:416,0
DA:417,0
DA:418,0
DA:421,0
DA:436,0
DA:437,0
DA:439,0
DA:441,0
DA:443,0
DA:444,0
DA:445,0
DA:447,0
DA:448,0
DA:449,0
DA:450,0
DA:452,0
DA:455,0
DA:495,1
DA:496,0
DA:499,0
DA:500,0
DA:503,0
DA:505,0
DA:518,0
DA:519,0
DA:522,0
DA:523,0
DA:526,0
DA:528,0
DA:534,4
DA:535,4
DA:537,4
LF:110
LH:24
BRDA:134,1,0,6
BRDA:134,1,1,0
BRDA:152,2,0,0
BRDA:152,2,1,0
BRDA:167,3,0,0
BRDA:167,3,1,0
BRDA:190,4,0,0
BRDA:190,4,1,0
BRDA:207,5,0,0
BRDA:207,5,1,0
BRDA:233,6,0,0
BRDA:233,6,1,0
BRDA:240,7,0,0
BRDA:240,7,1,0
BRDA:268,8,0,0
BRDA:268,8,1,0
BRDA:269,9,0,0
BRDA:269,9,1,0
BRDA:280,10,0,0
BRDA:280,10,1,0
BRDA:339,11,0,2
BRDA:339,11,1,0
BRDA:373,12,0,0
BRDA:373,12,1,0
BRDA:374,13,0,0
BRDA:374,13,1,0
BRDA:385,14,0,0
BRDA:385,14,1,0
BRDA:409,15,0,0
BRDA:409,15,1,0
BRDA:416,16,0,0
BRDA:416,16,1,0
BRDA:436,17,0,0
BRDA:436,17,1,0
BRDA:437,18,0,0
BRDA:437,18,1,0
BRDA:448,19,0,0
BRDA:448,19,1,0
BRDA:495,20,0,0
BRDA:495,20,1,1
BRDA:499,21,0,0
BRDA:499,21,1,0
BRDA:518,22,0,0
BRDA:518,22,1,0
BRDA:522,23,0,0
BRDA:522,23,1,0
BRF:46
BRH:3
end_of_record
TN:
SF:/home/runner/work/contracts/contracts/contracts/origination/oneoff/udo.sol
FN:9,constructor
FN:14,_baseURI
FNF:2
FNH:2
FNDA:3,constructor
FNDA:3,_baseURI
DA:10,3
DA:11,3
DA:15,3
LF:3
LH:3
BRF:0
BRH:0
end_of_record
TN:
SF:/home/runner/work/contracts/contracts/contracts/origination/Origination.sol
FN:30,onlyTokenAmountOwned
FN:45,onlyImpermanentURI
FN:53,creatorOnly
FN:61,onlyFullTokenOwner
FN:69,initialize
FN:76,_authorizeUpgrade
FN:78,nftComVersion
FN:87,setCreator
FN:97,creator
FN:108,_ownsTokenAmount
FN:121,supportsFactoryInterface
FN:125,setTemplateURI
FN:133,setURI
FN:142,setPermanentURI
FN:147,isPermanentURI
FN:151,uri
FN:159,balanceOf
FN:166,safeTransferFrom
FN:185,safeBatchTransferFrom
FN:202,burn
FN:206,batchBurn
FN:221,_beforeMint
FN:230,mint
FN:237,_remainingSupply
FN:246,batchMint
FN:253,_batchMint
FN:267,_setURI
FN:272,_setPermanentURI
FNF:28
FNH:10
FNDA:0,onlyTokenAmountOwned
FNDA:0,onlyImpermanentURI
FNDA:2,creatorOnly
FNDA:0,onlyFullTokenOwner
FNDA:9,initialize
FNDA:0,_authorizeUpgrade
FNDA:0,nftComVersion
FNDA:0,setCreator
FNDA:6,creator
FNDA:0,_ownsTokenAmount
FNDA:0,supportsFactoryInterface
FNDA:3,setTemplateURI
FNDA:0,setURI
FNDA:0,setPermanentURI
FNDA:0,isPermanentURI
FNDA:1,uri
FNDA:4,balanceOf
FNDA:2,safeTransferFrom
FNDA:0,safeBatchTransferFrom
FNDA:0,burn
FNDA:0,batchBurn
FNDA:2,_beforeMint
FNDA:2,mint
FNDA:4,_remainingSupply
FNDA:0,batchMint
FNDA:0,_batchMint
FNDA:0,_setURI
FNDA:0,_setPermanentURI
DA:35,0
DA:39,0
DA:46,0
DA:47,0
DA:54,2
DA:55,2
DA:62,0
DA:66,0
DA:71,9
DA:72,9
DA:73,9
DA:79,0
DA:88,0
DA:89,0
DA:90,0
DA:98,6
DA:99,0
DA:101,6
DA:113,0
DA:122,0
DA:126,3
DA:135,0
DA:144,0
DA:148,0
DA:152,1
DA:153,1
DA:154,0
DA:156,1
DA:160,4
DA:163,4
DA:173,2
DA:174,2
DA:176,2
DA:177,1
DA:178,0
DA:181,0
DA:192,0
DA:193,0
DA:194,0
DA:203,0
DA:211,0
DA:212,0
DA:217,0
DA:222,2
DA:231,2
DA:232,1
DA:233,0
DA:238,4
DA:247,0
DA:248,0
DA:250,0
DA:259,0
DA:260,0
DA:261,0
DA:262,0
DA:268,0
DA:269,0
DA:273,0
DA:274,0
DA:275,0
DA:276,0
LF:61
LH:21
BRDA:35,1,0,0
BRDA:35,1,1,0
BRDA:46,2,0,0
BRDA:46,2,1,0
BRDA:54,3,0,2
BRDA:54,3,1,0
BRDA:62,4,0,0
BRDA:62,4,1,0
BRDA:88,5,0,0
BRDA:88,5,1,0
BRDA:98,6,0,0
BRDA:98,6,1,6
BRDA:153,7,0,0
BRDA:153,7,1,1
BRDA:174,8,0,2
BRDA:174,8,1,0
BRDA:177,9,0,0
BRDA:177,9,1,1
BRDA:192,10,0,0
BRDA:192,10,1,0
BRDA:212,11,0,0
BRDA:212,11,1,0
BRDA:222,12,0,1
BRDA:222,12,1,1
BRDA:232,13,0,0
BRDA:232,13,1,1
BRDA:248,14,0,0
BRDA:248,14,1,0
BRDA:260,15,0,0
BRDA:260,15,1,0
BRDA:273,16,0,0
BRDA:273,16,1,0
BRF:32
BRH:8
end_of_record
TN:
SF:/home/runner/work/contracts/contracts/contracts/origination/TokenIdentifiers.sol
FN:15,tokenMaxSupply
FN:20,tokenIndex
FN:24,tokenCreator
FNF:3
FNH:3
FNDA:7,tokenMaxSupply
FNDA:3,tokenIndex
FNDA:10,tokenCreator
DA:16,7
DA:21,3
DA:25,10
LF:3
LH:3
BRF:0
BRH:0
end_of_record
TN:
SF:/home/runner/work/contracts/contracts/contracts/royalties/ERC2981Base.sol
FN:16,supportsInterface
FNF:1
FNH:1
FNDA:3,supportsInterface
DA:17,3
LF:1
LH:1
BRF:0
BRH:0
end_of_record
TN:
SF:/home/runner/work/contracts/contracts/contracts/royalties/ERC2981ContractWideRoyalties.sol
FN:16,_setRoyalties
FN:22,royaltyInfo
FNF:2
FNH:2
FNDA:3,_setRoyalties
FNDA:3,royaltyInfo
DA:17,3
DA:18,2
DA:28,3
DA:29,3
DA:30,3
LF:5
LH:5
BRDA:17,1,0,2
BRDA:17,1,1,1
BRF:2
BRH:2
end_of_record
TN:
SF:/home/runner/work/contracts/contracts/contracts/royalties/ERC2981PerTokenRoyalties.sol
FN:16,_setTokenRoyalty
FN:26,royaltyInfo
FNF:2
FNH:2
FNDA:9,_setTokenRoyalty
FNDA:10,royaltyInfo
DA:21,9
DA:22,7
DA:32,10
DA:33,10
DA:34,10
LF:5
LH:5
BRDA:21,1,0,7
BRDA:21,1,1,2
BRF:2
BRH:2
end_of_record
TN:
SF:/home/runner/work/contracts/contracts/contracts/royalties/IERC2981Royalties.sol
FNF:0
FNH:0
LF:0
LH:0
BRF:0
BRH:0
end_of_record
TN:
SF:/home/runner/work/contracts/contracts/contracts/royalties/mocks/ERC1155WithRoyalties.sol
FN:12,constructor
FN:15,supportsInterface
FN:25,mint
FN:45,mintBatch
FNF:4
FNH:3
FNDA:15,constructor
FNDA:0,supportsInterface
FNDA:4,mint
FNDA:1,mintBatch
DA:16,0
DA:32,4
DA:34,4
DA:35,3
DA:52,1
DA:57,1
DA:59,1
DA:60,4
DA:61,3
LF:9
LH:8
BRDA:34,1,0,3
BRDA:34,1,1,1
BRDA:52,2,0,1
BRDA:52,2,1,0
BRDA:60,3,0,3
BRDA:60,3,1,1
BRF:6
BRH:5
end_of_record
TN:
SF:/home/runner/work/contracts/contracts/contracts/royalties/mocks/ERC721WithContractWideRoyalties.sol
FN:14,constructor
FN:17,supportsInterface
FN:25,setRoyalties
FN:31,mint
FN:40,mintBatch
FNF:5
FNH:3
FNDA:12,constructor
FNDA:0,supportsInterface
FNDA:3,setRoyalties
FNDA:3,mint
FNDA:0,mintBatch
DA:18,0
DA:26,3
DA:32,3
DA:33,3
DA:35,3
DA:41,0
DA:42,0
DA:43,0
DA:44,0
DA:47,0
LF:10
LH:4
BRF:0
BRH:0
end_of_record
TN:
SF:/home/runner/work/contracts/contracts/contracts/royalties/mocks/ERC721WithRoyalties.sol
FN:14,constructor
FN:17,supportsInterface
FN:25,mint
FN:44,mintBatch
FNF:4
FNH:3
FNDA:15,constructor
FNDA:3,supportsInterface
FNDA:4,mint
FNDA:0,mintBatch
DA:18,3
DA:30,4
DA:31,4
DA:33,4
DA:34,3
DA:37,3
DA:49,0
DA:50,0
DA:55,0
DA:56,0
DA:57,0
DA:58,0
DA:60,0
DA:63,0
LF:14
LH:6
BRDA:33,1,0,3
BRDA:33,1,1,1
BRDA:50,2,0,0
BRDA:50,2,1,0
BRDA:57,3,0,0
BRDA:57,3,1,0
BRF:6
BRH:2
end_of_record
TN:
SF:/home/runner/work/contracts/contracts/contracts/stake/GenesisNftStake.sol
FN:22,constructor
FN:36,permitXNFT
FN:60,enter
FN:95,collectTokens
FN:104,leave
FNF:5
FNH:4
FNDA:168,constructor
FNDA:2,permitXNFT
FNDA:3,enter
FNDA:0,collectTokens
FNDA:3,leave
DA:24,168
DA:25,168
DA:43,2
DA:62,3
DA:64,3
DA:67,2
DA:68,2
DA:71,2
DA:73,2
DA:77,2
DA:78,2
DA:81,2
DA:83,2
DA:84,2
DA:86,2
DA:87,2
DA:89,0
DA:90,0
DA:96,0
DA:97,0
DA:99,0
DA:100,0
DA:101,0
DA:105,3
DA:106,2
DA:109,2
DA:110,2
DA:112,2
DA:113,2
DA:114,2
DA:115,2
DA:116,2
LF:32
LH:25
BRDA:62,1,0,3
BRDA:62,1,1,0
BRDA:64,2,0,2
BRDA:64,2,1,1
BRDA:77,3,0,2
BRDA:77,3,1,0
BRDA:86,4,0,2
BRDA:86,4,1,0
BRDA:96,5,0,0
BRDA:96,5,1,0
BRDA:105,6,0,2
BRDA:105,6,1,1
BRDA:106,7,0,2
BRDA:106,7,1,0
BRF:14
BRH:8
end_of_record
TN:
SF:/home/runner/work/contracts/contracts/contracts/stake/lib/SignedSafeMath.sol
FN:17,mul
FN:45,div
FN:64,sub
FN:81,add
FN:88,toUInt256
FNF:5
FNH:3
FNDA:0,mul
FNDA:0,div
FNDA:16,sub
FNDA:2,add
FNDA:14,toUInt256
DA:21,0
DA:22,0
DA:25,0
DA:27,0
DA:28,0
DA:30,0
DA:46,0
DA:47,0
DA:49,0
DA:51,0
DA:65,16
DA:66,16
DA:68,16
DA:82,2
DA:83,2
DA:85,2
DA:89,14
DA:90,14
LF:18
LH:8
BRDA:21,1,0,0
BRDA:21,1,1,0
BRDA:25,2,0,0
BRDA:25,2,1,0
BRDA:28,3,0,0
BRDA:28,3,1,0
BRDA:46,4,0,0
BRDA:46,4,1,0
BRDA:47,5,0,0
BRDA:47,5,1,0
BRDA:66,6,0,16
BRDA:66,6,1,0
BRDA:83,7,0,2
BRDA:83,7,1,0
BRDA:89,8,0,14
BRDA:89,8,1,0
BRF:16
BRH:3
end_of_record
TN:
SF:/home/runner/work/contracts/contracts/contracts/stake/LpStake.sol
FN:66,constructor
FN:77,setRewardTokensPerBlock
FN:85,to64
FN:90,to128
FN:96,poolLength
FN:101,poolReward
FN:107,getLPSupply
FN:116,add
FN:136,set
FN:146,pendingReward
FN:164,massUpdateAllPools
FN:173,massUpdatePools
FN:183,updatePool
FN:212,deposit
FN:236,withdraw
FN:255,harvest
FN:276,emergencyWithdraw
FNF:17
FNH:12
FNDA:3,constructor
FNDA:0,setRewardTokensPerBlock
FNDA:14,to64
FNDA:6,to128
FNDA:3,poolLength
FNDA:3,poolReward
FNDA:0,getLPSupply
FNDA:2,add
FNDA:0,set
FNDA:10,pendingReward
FNDA:1,massUpdateAllPools
FNDA:0,massUpdatePools
FNDA:10,updatePool
FNDA:3,deposit
FNDA:3,withdraw
FNDA:4,harvest
FNDA:0,emergencyWithdraw
DA:67,3
DA:69,3
DA:70,3
DA:71,3
DA:78,0
DA:79,0
DA:81,0
DA:82,0
DA:86,14
DA:87,14
DA:91,6
DA:92,6
DA:97,3
DA:102,3
DA:103,3
DA:108,0
DA:109,0
DA:117,2
DA:118,2
DA:119,2
DA:120,2
DA:121,2
DA:123,2
DA:130,2
DA:137,0
DA:138,0
DA:139,0
DA:147,10
DA:148,10
DA:149,10
DA:150,10
DA:151,10
DA:152,1
DA:153,1
DA:158,10
DA:165,1
DA:166,1
DA:167,2
DA:174,0
DA:175,0
DA:176,0
DA:184,10
DA:185,10
DA:186,10
DA:187,10
DA:188,6
DA:189,6
DA:198,10
DA:199,10
DA:200,10
DA:213,3
DA:214,2
DA:215,2
DA:216,2
DA:219,2
DA:220,2
DA:223,2
DA:225,2
DA:237,3
DA:238,2
DA:239,2
DA:240,2
DA:243,2
DA:244,2
DA:247,2
DA:249,2
DA:256,4
DA:257,4
DA:258,4
DA:259,4
DA:260,4
DA:263,4
DA:266,4
DA:267,4
DA:270,4
DA:277,0
DA:278,0
DA:279,0
DA:280,0
DA:281,0
DA:283,0
DA:284,0
LF:82
LH:63
BRDA:67,1,0,3
BRDA:67,1,1,0
BRDA:78,2,0,0
BRDA:78,2,1,0
BRDA:86,3,0,14
BRDA:86,3,1,0
BRDA:91,4,0,6
BRDA:91,4,1,0
BRDA:102,5,0,0
BRDA:102,5,1,3
BRDA:117,6,0,2
BRDA:117,6,1,0
BRDA:151,7,0,1
BRDA:151,7,1,9
BRDA:185,8,0,10
BRDA:185,8,1,0
BRDA:187,9,0,6
BRDA:187,9,1,4
BRDA:213,10,0,2
BRDA:213,10,1,1
BRDA:214,11,0,2
BRDA:214,11,1,0
BRDA:237,12,0,2
BRDA:237,12,1,1
BRDA:238,13,0,2
BRDA:238,13,1,0
BRDA:256,14,0,4
BRDA:256,14,1,0
BRDA:266,15,0,4
BRDA:266,15,1,0
BRDA:277,16,0,0
BRDA:277,16,1,0
BRF:32
BRH:18
end_of_record
TN:
SF:/home/runner/work/contracts/contracts/contracts/stake/NftBuyer.sol
FN:28,constructor
FN:48,isContract
FN:61,convert
FN:73,convertETH
FN:78,_toWETH
FN:114,_toNFT
FN:134,_transfer
FNF:7
FNH:7
FNDA:156,constructor
FNDA:2,isContract
FNDA:2,convert
FNDA:1,convertETH
FNDA:2,_toWETH
FNDA:2,_toNFT
FNDA:4,_transfer
DA:34,156
DA:35,156
DA:36,156
DA:37,156
DA:39,156
DA:40,156
DA:41,156
DA:42,156
DA:53,2
DA:54,2
DA:57,2
DA:62,2
DA:63,2
DA:65,0
DA:67,2
DA:69,2
DA:74,1
DA:80,2
DA:81,0
DA:82,0
DA:83,0
DA:86,2
DA:87,1
DA:88,1
DA:89,1
DA:92,1
DA:93,1
DA:94,0
DA:97,1
DA:98,1
DA:99,1
DA:101,1
DA:102,1
DA:103,1
DA:104,1
DA:105,1
DA:106,1
DA:108,1
DA:109,1
DA:110,1
DA:115,2
DA:118,2
DA:119,2
DA:120,2
DA:122,2
DA:123,2
DA:124,2
DA:125,2
DA:126,2
DA:128,2
DA:131,2
DA:139,4
LF:52
LH:47
BRDA:34,1,0,156
BRDA:34,1,1,0
BRDA:35,2,0,156
BRDA:35,2,1,0
BRDA:36,3,0,156
BRDA:36,3,1,0
BRDA:37,4,0,156
BRDA:37,4,1,0
BRDA:62,5,0,2
BRDA:62,5,1,0
BRDA:63,6,0,0
BRDA:63,6,1,2
BRDA:80,7,0,0
BRDA:80,7,1,2
BRDA:86,8,0,1
BRDA:86,8,1,1
BRDA:93,9,0,0
BRDA:93,9,1,1
BRF:18
BRH:10
end_of_record
TN:
SF:/home/runner/work/contracts/contracts/contracts/stake/uniswapv2/interfaces/IUniswapV2ERC20.sol
FNF:0
FNH:0
LF:0
LH:0
BRF:0
BRH:0
end_of_record
TN:
SF:/home/runner/work/contracts/contracts/contracts/stake/uniswapv2/interfaces/IUniswapV2Factory.sol
FNF:0
FNH:0
LF:0
LH:0
BRF:0
BRH:0
end_of_record
TN:
SF:/home/runner/work/contracts/contracts/contracts/stake/uniswapv2/interfaces/IUniswapV2Pair.sol
FNF:0
FNH:0
LF:0
LH:0
BRF:0
BRH:0
end_of_record
TN:
SF:/home/runner/work/contracts/contracts/contracts/token/NftToken.sol
FN:9,constructor
FN:18,burn
FN:22,deprecateDeployer
FN:27,teamTransfer
FNF:4
FNH:2
FNDA:351,constructor
FNDA:3,burn
FNDA:0,deprecateDeployer
FNDA:0,teamTransfer
DA:10,351
DA:11,351
DA:19,3
DA:23,0
DA:24,0
DA:28,0
DA:29,0
DA:31,0
DA:32,0
DA:33,0
LF:10
LH:3
BRDA:23,1,0,0
BRDA:23,1,1,0
BRDA:28,2,0,0
BRDA:28,2,1,0
BRDA:29,3,0,0
BRDA:29,3,1,0
BRF:6
BRH:0
end_of_record
